{"numTotalTestSuites":54,"numPassedTestSuites":54,"numFailedTestSuites":0,"numPendingTestSuites":0,"numTotalTests":142,"numPassedTests":142,"numFailedTests":0,"numPendingTests":0,"numTodoTests":0,"snapshot":{"added":0,"failure":false,"filesAdded":0,"filesRemoved":0,"filesRemovedList":[],"filesUnmatched":0,"filesUpdated":0,"matched":0,"total":0,"unchecked":0,"uncheckedKeysByFile":[],"unmatched":0,"updated":0,"didUpdate":false},"startTime":1776279006252,"success":true,"testResults":[{"assertionResults":[{"ancestorTitles":["TrendingService Benchmark Tests","Comprehensive Performance Benchmark"],"fullName":"TrendingService Benchmark Tests Comprehensive Performance Benchmark should complete full trend forecasting with realistic data under 5 seconds","status":"passed","title":"should complete full trend forecasting with realistic data under 5 seconds","duration":166.472567,"failureMessages":[],"meta":{}},{"ancestorTitles":["TrendingService Benchmark Tests","Comprehensive Performance Benchmark"],"fullName":"TrendingService Benchmark Tests Comprehensive Performance Benchmark should demonstrate comprehensive Redis operation profiling","status":"passed","title":"should demonstrate comprehensive Redis operation profiling","duration":157.09439000000003,"failureMessages":[],"meta":{}},{"ancestorTitles":["TrendingService Benchmark Tests","Comprehensive Performance Benchmark"],"fullName":"TrendingService Benchmark Tests Comprehensive Performance Benchmark should verify data trend forecasting completeness and accuracy","status":"passed","title":"should verify data trend forecasting completeness and accuracy","duration":156.94806699999992,"failureMessages":[],"meta":{}},{"ancestorTitles":["TrendingService Benchmark Tests","Comprehensive Performance Benchmark"],"fullName":"TrendingService Benchmark Tests Comprehensive Performance Benchmark should demonstrate memory efficiency under load","status":"passed","title":"should demonstrate memory efficiency under load","duration":470.06233299999997,"failureMessages":[],"meta":{}},{"ancestorTitles":["TrendingService Benchmark Tests","Performance Regression Detection"],"fullName":"TrendingService Benchmark Tests Performance Regression Detection should maintain consistent performance across multiple runs","status":"passed","title":"should maintain consistent performance across multiple runs","duration":805.6205669999999,"failureMessages":[],"meta":{}}],"startTime":1776279035954,"endTime":1776279037710.6206,"status":"passed","message":"","name":"/Volumes/Expansion/dev/modscope/src/server/services/TrendingService.benchmark.test.ts"},{"assertionResults":[{"ancestorTitles":["TrendingService Calculation Logic Tests","Task 14.1.1: Test linear regression calculation with various data distributions"],"fullName":"TrendingService Calculation Logic Tests Task 14.1.1: Test linear regression calculation with various data distributions should calculate correct linear regression for positive trend","status":"passed","title":"should calculate correct linear regression for positive trend","duration":2.3776980000000094,"failureMessages":[],"meta":{}},{"ancestorTitles":["TrendingService Calculation Logic Tests","Task 14.1.1: Test linear regression calculation with various data distributions"],"fullName":"TrendingService Calculation Logic Tests Task 14.1.1: Test linear regression calculation with various data distributions should calculate correct linear regression for negative trend","status":"passed","title":"should calculate correct linear regression for negative trend","duration":0.50019199999997,"failureMessages":[],"meta":{}},{"ancestorTitles":["TrendingService Calculation Logic Tests","Task 14.1.1: Test linear regression calculation with various data distributions"],"fullName":"TrendingService Calculation Logic Tests Task 14.1.1: Test linear regression calculation with various data distributions should calculate linear regression for noisy data","status":"passed","title":"should calculate linear regression for noisy data","duration":0.7036420000000021,"failureMessages":[],"meta":{}},{"ancestorTitles":["TrendingService Calculation Logic Tests","Task 14.1.1: Test linear regression calculation with various data distributions"],"fullName":"TrendingService Calculation Logic Tests Task 14.1.1: Test linear regression calculation with various data distributions should handle single data point","status":"passed","title":"should handle single data point","duration":0.5790609999999674,"failureMessages":[],"meta":{}},{"ancestorTitles":["TrendingService Calculation Logic Tests","Task 14.1.1: Test linear regression calculation with various data distributions"],"fullName":"TrendingService Calculation Logic Tests Task 14.1.1: Test linear regression calculation with various data distributions should handle empty data","status":"passed","title":"should handle empty data","duration":0.3440149999999562,"failureMessages":[],"meta":{}},{"ancestorTitles":["TrendingService Calculation Logic Tests","Task 14.1.1: Test linear regression calculation with various data distributions"],"fullName":"TrendingService Calculation Logic Tests Task 14.1.1: Test linear regression calculation with various data distributions should handle constant values (zero variance)","status":"passed","title":"should handle constant values (zero variance)","duration":0.7530130000000099,"failureMessages":[],"meta":{}},{"ancestorTitles":["TrendingService Calculation Logic Tests","Task 14.1.1: Test linear regression calculation with various data distributions"],"fullName":"TrendingService Calculation Logic Tests Task 14.1.1: Test linear regression calculation with various data distributions should handle large timestamp values","status":"passed","title":"should handle large timestamp values","duration":0.47965399999998226,"failureMessages":[],"meta":{}},{"ancestorTitles":["TrendingService Calculation Logic Tests","Task 14.1.2: Test forecast horizon adaptation logic"],"fullName":"TrendingService Calculation Logic Tests Task 14.1.2: Test forecast horizon adaptation logic should generate growth forecast with default horizon for good quality data","status":"passed","title":"should generate growth forecast with default horizon for good quality data","duration":2.6650769999999966,"failureMessages":[],"meta":{}},{"ancestorTitles":["TrendingService Calculation Logic Tests","Task 14.1.2: Test forecast horizon adaptation logic"],"fullName":"TrendingService Calculation Logic Tests Task 14.1.2: Test forecast horizon adaptation logic should reduce forecast horizon for sparse data","status":"passed","title":"should reduce forecast horizon for sparse data","duration":0.8358199999999556,"failureMessages":[],"meta":{}},{"ancestorTitles":["TrendingService Calculation Logic Tests","Task 14.1.2: Test forecast horizon adaptation logic"],"fullName":"TrendingService Calculation Logic Tests Task 14.1.2: Test forecast horizon adaptation logic should reduce forecast horizon for noisy data","status":"passed","title":"should reduce forecast horizon for noisy data","duration":0.7243289999999547,"failureMessages":[],"meta":{}},{"ancestorTitles":["TrendingService Calculation Logic Tests","Task 14.1.2: Test forecast horizon adaptation logic"],"fullName":"TrendingService Calculation Logic Tests Task 14.1.2: Test forecast horizon adaptation logic should extend forecast horizon for high quality data","status":"passed","title":"should extend forecast horizon for high quality data","duration":0.5298249999999598,"failureMessages":[],"meta":{}},{"ancestorTitles":["TrendingService Calculation Logic Tests","Task 14.1.2: Test forecast horizon adaptation logic"],"fullName":"TrendingService Calculation Logic Tests Task 14.1.2: Test forecast horizon adaptation logic should handle insufficient data for forecasting","status":"passed","title":"should handle insufficient data for forecasting","duration":0.4151530000000321,"failureMessages":[],"meta":{}},{"ancestorTitles":["TrendingService Calculation Logic Tests","Task 14.1.2: Test forecast horizon adaptation logic"],"fullName":"TrendingService Calculation Logic Tests Task 14.1.2: Test forecast horizon adaptation logic should generate confidence bands for forecast points","status":"passed","title":"should generate confidence bands for forecast points","duration":10.208387000000016,"failureMessages":[],"meta":{}},{"ancestorTitles":["TrendingService Calculation Logic Tests","Task 14.1.3: Test growth rate percentage calculation including edge cases"],"fullName":"TrendingService Calculation Logic Tests Task 14.1.3: Test growth rate percentage calculation including edge cases should calculate positive growth rate correctly","status":"passed","title":"should calculate positive growth rate correctly","duration":0.24831899999998086,"failureMessages":[],"meta":{}},{"ancestorTitles":["TrendingService Calculation Logic Tests","Task 14.1.3: Test growth rate percentage calculation including edge cases"],"fullName":"TrendingService Calculation Logic Tests Task 14.1.3: Test growth rate percentage calculation including edge cases should calculate negative growth rate correctly","status":"passed","title":"should calculate negative growth rate correctly","duration":0.1666099999999915,"failureMessages":[],"meta":{}},{"ancestorTitles":["TrendingService Calculation Logic Tests","Task 14.1.3: Test growth rate percentage calculation including edge cases"],"fullName":"TrendingService Calculation Logic Tests Task 14.1.3: Test growth rate percentage calculation including edge cases should handle zero prior value (baseline is zero)","status":"passed","title":"should handle zero prior value (baseline is zero)","duration":0.14149400000002288,"failureMessages":[],"meta":{}},{"ancestorTitles":["TrendingService Calculation Logic Tests","Task 14.1.3: Test growth rate percentage calculation including edge cases"],"fullName":"TrendingService Calculation Logic Tests Task 14.1.3: Test growth rate percentage calculation including edge cases should handle single data point","status":"passed","title":"should handle single data point","duration":0.12413499999996702,"failureMessages":[],"meta":{}},{"ancestorTitles":["TrendingService Calculation Logic Tests","Task 14.1.3: Test growth rate percentage calculation including edge cases"],"fullName":"TrendingService Calculation Logic Tests Task 14.1.3: Test growth rate percentage calculation including edge cases should find closest point to 30 days ago","status":"passed","title":"should find closest point to 30 days ago","duration":0.16875600000003033,"failureMessages":[],"meta":{}},{"ancestorTitles":["TrendingService Calculation Logic Tests","Task 14.1.3: Test growth rate percentage calculation including edge cases"],"fullName":"TrendingService Calculation Logic Tests Task 14.1.3: Test growth rate percentage calculation including edge cases should round growth rate to one decimal place","status":"passed","title":"should round growth rate to one decimal place","duration":0.15683899999999085,"failureMessages":[],"meta":{}},{"ancestorTitles":["TrendingService Calculation Logic Tests","Task 14.1.3: Test growth rate percentage calculation including edge cases"],"fullName":"TrendingService Calculation Logic Tests Task 14.1.3: Test growth rate percentage calculation including edge cases should handle unsorted data points","status":"passed","title":"should handle unsorted data points","duration":0.18884400000001733,"failureMessages":[],"meta":{}},{"ancestorTitles":["TrendingService Calculation Logic Tests","Task 14.1.4: Test engagement average calculation from per-post TS ZSETs across retained window"],"fullName":"TrendingService Calculation Logic Tests Task 14.1.4: Test engagement average calculation from per-post TS ZSETs across retained window should calculate average engagement from engagement values","status":"passed","title":"should calculate average engagement from engagement values","duration":0.16338099999995848,"failureMessages":[],"meta":{}},{"ancestorTitles":["TrendingService Calculation Logic Tests","Task 14.1.4: Test engagement average calculation from per-post TS ZSETs across retained window"],"fullName":"TrendingService Calculation Logic Tests Task 14.1.4: Test engagement average calculation from per-post TS ZSETs across retained window should handle empty engagement values","status":"passed","title":"should handle empty engagement values","duration":0.12305599999996275,"failureMessages":[],"meta":{}},{"ancestorTitles":["TrendingService Calculation Logic Tests","Task 14.1.4: Test engagement average calculation from per-post TS ZSETs across retained window"],"fullName":"TrendingService Calculation Logic Tests Task 14.1.4: Test engagement average calculation from per-post TS ZSETs across retained window should round engagement average to two decimal places","status":"passed","title":"should round engagement average to two decimal places","duration":0.1565610000000106,"failureMessages":[],"meta":{}},{"ancestorTitles":["TrendingService Calculation Logic Tests","Task 14.1.5: Test spike/dip detection with 1.5 standard deviation threshold"],"fullName":"TrendingService Calculation Logic Tests Task 14.1.5: Test spike/dip detection with 1.5 standard deviation threshold should detect spikes above 1.5 standard deviations","status":"passed","title":"should detect spikes above 1.5 standard deviations","duration":0.21267599999998765,"failureMessages":[],"meta":{}},{"ancestorTitles":["TrendingService Calculation Logic Tests","Task 14.1.5: Test spike/dip detection with 1.5 standard deviation threshold"],"fullName":"TrendingService Calculation Logic Tests Task 14.1.5: Test spike/dip detection with 1.5 standard deviation threshold should detect dips below 1.5 standard deviations","status":"passed","title":"should detect dips below 1.5 standard deviations","duration":0.22931999999997288,"failureMessages":[],"meta":{}},{"ancestorTitles":["TrendingService Calculation Logic Tests","Task 14.1.5: Test spike/dip detection with 1.5 standard deviation threshold"],"fullName":"TrendingService Calculation Logic Tests Task 14.1.5: Test spike/dip detection with 1.5 standard deviation threshold should not flag values within 1.5 standard deviations","status":"passed","title":"should not flag values within 1.5 standard deviations","duration":0.19898500000005015,"failureMessages":[],"meta":{}},{"ancestorTitles":["TrendingService Calculation Logic Tests","Task 14.1.5: Test spike/dip detection with 1.5 standard deviation threshold"],"fullName":"TrendingService Calculation Logic Tests Task 14.1.5: Test spike/dip detection with 1.5 standard deviation threshold should handle minimum data requirement (need at least 3 points)","status":"passed","title":"should handle minimum data requirement (need at least 3 points)","duration":0.131087999999977,"failureMessages":[],"meta":{}},{"ancestorTitles":["TrendingService Calculation Logic Tests","Task 14.1.5: Test spike/dip detection with 1.5 standard deviation threshold"],"fullName":"TrendingService Calculation Logic Tests Task 14.1.5: Test spike/dip detection with 1.5 standard deviation threshold should calculate correct standard deviation","status":"passed","title":"should calculate correct standard deviation","duration":0.2154000000000451,"failureMessages":[],"meta":{}},{"ancestorTitles":["TrendingService Calculation Logic Tests","Task 14.1.5: Test spike/dip detection with 1.5 standard deviation threshold"],"fullName":"TrendingService Calculation Logic Tests Task 14.1.5: Test spike/dip detection with 1.5 standard deviation threshold should round deviation values to two decimal places","status":"passed","title":"should round deviation values to two decimal places","duration":0.12502900000004047,"failureMessages":[],"meta":{}}],"startTime":1776279038119,"endTime":1776279038144.2153,"status":"passed","message":"","name":"/Volumes/Expansion/dev/modscope/src/server/services/TrendingService.calculation.test.ts"},{"assertionResults":[{"ancestorTitles":["Task 15.1: Test Settings and Snapshot Flow","15.1.1: Test save settings including analysisPoolSize and retention"],"fullName":"Task 15.1: Test Settings and Snapshot Flow 15.1.1: Test save settings including analysisPoolSize and retention should load settings with analysisPoolSize and retention from config","status":"passed","title":"should load settings with analysisPoolSize and retention from config","duration":3502.603128,"failureMessages":[],"meta":{}},{"ancestorTitles":["Task 15.1: Test Settings and Snapshot Flow","15.1.1: Test save settings including analysisPoolSize and retention"],"fullName":"Task 15.1: Test Settings and Snapshot Flow 15.1.1: Test save settings including analysisPoolSize and retention should use default values when settings are not present","status":"passed","title":"should use default values when settings are not present","duration":0.8598409999995056,"failureMessages":[],"meta":{}},{"ancestorTitles":["Task 15.1: Test Settings and Snapshot Flow","15.1.1: Test save settings including analysisPoolSize and retention"],"fullName":"Task 15.1: Test Settings and Snapshot Flow 15.1.1: Test save settings including analysisPoolSize and retention should persist settings correctly to Redis","status":"passed","title":"should persist settings correctly to Redis","duration":0.2942460000003848,"failureMessages":[],"meta":{}},{"ancestorTitles":["Task 15.1: Test Settings and Snapshot Flow","15.1.2: Test manual snapshot trigger and materialized key creation"],"fullName":"Task 15.1: Test Settings and Snapshot Flow 15.1.2: Test manual snapshot trigger and materialized key creation should create materialized keys after manual snapshot trigger","status":"passed","title":"should create materialized keys after manual snapshot trigger","duration":1509.9690420000006,"failureMessages":[],"meta":{}},{"ancestorTitles":["Task 15.1: Test Settings and Snapshot Flow","15.1.2: Test manual snapshot trigger and materialized key creation"],"fullName":"Task 15.1: Test Settings and Snapshot Flow 15.1.2: Test manual snapshot trigger and materialized key creation should update last_materialized timestamp on each run","status":"passed","title":"should update last_materialized timestamp on each run","duration":3019.363748999999,"failureMessages":[],"meta":{}},{"ancestorTitles":["Task 15.1: Test Settings and Snapshot Flow","15.1.3: Test scheduled worker path and materialized key creation"],"fullName":"Task 15.1: Test Settings and Snapshot Flow 15.1.3: Test scheduled worker path and materialized key creation should create same materialized keys for scheduled worker path","status":"passed","title":"should create same materialized keys for scheduled worker path","duration":1506.3322260000004,"failureMessages":[],"meta":{}},{"ancestorTitles":["Task 15.1: Test Settings and Snapshot Flow","15.1.3: Test scheduled worker path and materialized key creation"],"fullName":"Task 15.1: Test Settings and Snapshot Flow 15.1.3: Test scheduled worker path and materialized key creation should handle idempotent trend forecasting runs","status":"passed","title":"should handle idempotent trend forecasting runs","duration":3005.5136519999996,"failureMessages":[],"meta":{}},{"ancestorTitles":["Task 15.2: Test API Response Validation","15.2.1: Test GET /api/trends payload shape and values"],"fullName":"Task 15.2: Test API Response Validation 15.2.1: Test GET /api/trends payload shape and values should return correct payload structure","status":"passed","title":"should return correct payload structure","duration":632.7816059999986,"failureMessages":[],"meta":{}},{"ancestorTitles":["Task 15.2: Test API Response Validation","15.2.1: Test GET /api/trends payload shape and values"],"fullName":"Task 15.2: Test API Response Validation 15.2.1: Test GET /api/trends payload shape and values should return correct subreddit value","status":"passed","title":"should return correct subreddit value","duration":622.7215989999986,"failureMessages":[],"meta":{}},{"ancestorTitles":["Task 15.2: Test API Response Validation","15.2.1: Test GET /api/trends payload shape and values"],"fullName":"Task 15.2: Test API Response Validation 15.2.1: Test GET /api/trends payload shape and values should return stale=false for recent data","status":"passed","title":"should return stale=false for recent data","duration":628.107888999999,"failureMessages":[],"meta":{}},{"ancestorTitles":["Task 15.2: Test API Response Validation","15.2.2: Test growthForecast confidence bands and growthRate"],"fullName":"Task 15.2: Test API Response Validation 15.2.2: Test growthForecast confidence bands and growthRate should return growthForecast with trendline and forecast arrays","status":"passed","title":"should return growthForecast with trendline and forecast arrays","duration":622.7172539999992,"failureMessages":[],"meta":{}},{"ancestorTitles":["Task 15.2: Test API Response Validation","15.2.2: Test growthForecast confidence bands and growthRate"],"fullName":"Task 15.2: Test API Response Validation 15.2.2: Test growthForecast confidence bands and growthRate should return forecast points with confidence bands","status":"passed","title":"should return forecast points with confidence bands","duration":621.1706519999989,"failureMessages":[],"meta":{}},{"ancestorTitles":["Task 15.2: Test API Response Validation","15.2.2: Test growthForecast confidence bands and growthRate"],"fullName":"Task 15.2: Test API Response Validation 15.2.2: Test growthForecast confidence bands and growthRate should return growthRate as a number","status":"passed","title":"should return growthRate as a number","duration":624.513592000003,"failureMessages":[],"meta":{}},{"ancestorTitles":["Task 15.2: Test API Response Validation","15.2.3: Test engagementAnomalies array structure"],"fullName":"Task 15.2: Test API Response Validation 15.2.3: Test engagementAnomalies array structure should return engagementAnomalies as an array","status":"passed","title":"should return engagementAnomalies as an array","duration":626.7154650000011,"failureMessages":[],"meta":{}},{"ancestorTitles":["Task 15.2: Test API Response Validation","15.2.3: Test engagementAnomalies array structure"],"fullName":"Task 15.2: Test API Response Validation 15.2.3: Test engagementAnomalies array structure should return anomaly objects with correct structure when present","status":"passed","title":"should return anomaly objects with correct structure when present","duration":623.7510340000008,"failureMessages":[],"meta":{}},{"ancestorTitles":["Task 15.2: Test API Response Validation","15.2.4: Test contentMixRecap and postingPatternRecap strings"],"fullName":"Task 15.2: Test API Response Validation 15.2.4: Test contentMixRecap and postingPatternRecap strings should return contentMixRecap as a string","status":"passed","title":"should return contentMixRecap as a string","duration":620.066358,"failureMessages":[],"meta":{}},{"ancestorTitles":["Task 15.2: Test API Response Validation","15.2.4: Test contentMixRecap and postingPatternRecap strings"],"fullName":"Task 15.2: Test API Response Validation 15.2.4: Test contentMixRecap and postingPatternRecap strings should return postingPatternRecap as a string","status":"passed","title":"should return postingPatternRecap as a string","duration":616.3095009999997,"failureMessages":[],"meta":{}},{"ancestorTitles":["Task 15.2: Test API Response Validation","15.2.4: Test contentMixRecap and postingPatternRecap strings"],"fullName":"Task 15.2: Test API Response Validation 15.2.4: Test contentMixRecap and postingPatternRecap strings should return meaningful recap strings when data is available","status":"passed","title":"should return meaningful recap strings when data is available","duration":622.3535020000018,"failureMessages":[],"meta":{}},{"ancestorTitles":["Task 15.2: Test API Response Validation","15.2.5: Test bestPostingTimesChange structure"],"fullName":"Task 15.2: Test API Response Validation 15.2.5: Test bestPostingTimesChange structure should return bestPostingTimesChange with correct structure","status":"passed","title":"should return bestPostingTimesChange with correct structure","duration":618.6512339999972,"failureMessages":[],"meta":{}},{"ancestorTitles":["Task 15.2: Test API Response Validation","15.2.5: Test bestPostingTimesChange structure"],"fullName":"Task 15.2: Test API Response Validation 15.2.5: Test bestPostingTimesChange structure should return changeSummary arrays","status":"passed","title":"should return changeSummary arrays","duration":622.8041529999973,"failureMessages":[],"meta":{}},{"ancestorTitles":["Task 15.2: Test API Response Validation","15.2.5: Test bestPostingTimesChange structure"],"fullName":"Task 15.2: Test API Response Validation 15.2.5: Test bestPostingTimesChange structure should return timeline as an array","status":"passed","title":"should return timeline as an array","duration":622.0706400000017,"failureMessages":[],"meta":{}}],"startTime":1776279007020,"endTime":1776279028293.0706,"status":"passed","message":"","name":"/Volumes/Expansion/dev/modscope/src/server/services/TrendingService.integration-api.test.ts"},{"assertionResults":[{"ancestorTitles":["TrendingService Integration Performance Tests","Full Pipeline Performance Tests"],"fullName":"TrendingService Integration Performance Tests Full Pipeline Performance Tests should complete full trend forecasting pipeline within 5 seconds","status":"passed","title":"should complete full trend forecasting pipeline within 5 seconds","duration":540.256832,"failureMessages":[],"meta":{}},{"ancestorTitles":["TrendingService Integration Performance Tests","Full Pipeline Performance Tests"],"fullName":"TrendingService Integration Performance Tests Full Pipeline Performance Tests should profile Redis operations during full trend forecasting","status":"passed","title":"should profile Redis operations during full trend forecasting","duration":522.5856019999999,"failureMessages":[],"meta":{}},{"ancestorTitles":["TrendingService Integration Performance Tests","Full Pipeline Performance Tests"],"fullName":"TrendingService Integration Performance Tests Full Pipeline Performance Tests should demonstrate batching efficiency in full pipeline","status":"passed","title":"should demonstrate batching efficiency in full pipeline","duration":525.925982,"failureMessages":[],"meta":{}},{"ancestorTitles":["TrendingService Integration Performance Tests","Full Pipeline Performance Tests"],"fullName":"TrendingService Integration Performance Tests Full Pipeline Performance Tests should measure memory efficiency during full trend forecasting","status":"passed","title":"should measure memory efficiency during full trend forecasting","duration":495.2103989999998,"failureMessages":[],"meta":{}},{"ancestorTitles":["TrendingService Integration Performance Tests","Full Pipeline Performance Tests"],"fullName":"TrendingService Integration Performance Tests Full Pipeline Performance Tests should verify data integrity after trend forecasting","status":"passed","title":"should verify data integrity after trend forecasting","duration":529.1602330000001,"failureMessages":[],"meta":{}},{"ancestorTitles":["TrendingService Integration Performance Tests","Stress Testing"],"fullName":"TrendingService Integration Performance Tests Stress Testing should handle maximum analysis pool size efficiently","status":"passed","title":"should handle maximum analysis pool size efficiently","duration":508.0286679999999,"failureMessages":[],"meta":{}},{"ancestorTitles":["TrendingService Integration Performance Tests","Stress Testing"],"fullName":"TrendingService Integration Performance Tests Stress Testing should maintain performance with maximum retention period","status":"passed","title":"should maintain performance with maximum retention period","duration":498.19547299999977,"failureMessages":[],"meta":{}}],"startTime":1776279028539,"endTime":1776279032159.1956,"status":"passed","message":"","name":"/Volumes/Expansion/dev/modscope/src/server/services/TrendingService.integration.test.ts"},{"assertionResults":[{"ancestorTitles":["TrendingService Rate Limiting and Timeout Tests","Task 17.2.1: Verify batched per-post TS ZSET reads in chunks of 50"],"fullName":"TrendingService Rate Limiting and Timeout Tests Task 17.2.1: Verify batched per-post TS ZSET reads in chunks of 50 should batch per-post TS ZSET reads in chunks of 50","status":"passed","title":"should batch per-post TS ZSET reads in chunks of 50","duration":5179.453396,"failureMessages":[],"meta":{}},{"ancestorTitles":["TrendingService Rate Limiting and Timeout Tests","Task 17.2.1: Verify batched per-post TS ZSET reads in chunks of 50"],"fullName":"TrendingService Rate Limiting and Timeout Tests Task 17.2.1: Verify batched per-post TS ZSET reads in chunks of 50 should respect batch size of 50 for per-post operations","status":"passed","title":"should respect batch size of 50 for per-post operations","duration":3907.943058,"failureMessages":[],"meta":{}},{"ancestorTitles":["TrendingService Rate Limiting and Timeout Tests","Task 17.2.2: Verify elapsed-time guards prevent timeout overruns"],"fullName":"TrendingService Rate Limiting and Timeout Tests Task 17.2.2: Verify elapsed-time guards prevent timeout overruns should check for timeout conditions during processing","status":"passed","title":"should check for timeout conditions during processing","duration":5140.449280000001,"failureMessages":[],"meta":{}},{"ancestorTitles":["TrendingService Rate Limiting and Timeout Tests","Task 17.2.2: Verify elapsed-time guards prevent timeout overruns"],"fullName":"TrendingService Rate Limiting and Timeout Tests Task 17.2.2: Verify elapsed-time guards prevent timeout overruns should throw timeout error when approaching threshold","status":"passed","title":"should throw timeout error when approaching threshold","duration":126.91910800000005,"failureMessages":[],"meta":{}},{"ancestorTitles":["TrendingService Rate Limiting and Timeout Tests","Task 17.2.2: Verify elapsed-time guards prevent timeout overruns"],"fullName":"TrendingService Rate Limiting and Timeout Tests Task 17.2.2: Verify elapsed-time guards prevent timeout overruns should measure timeout threshold accuracy","status":"passed","title":"should measure timeout threshold accuracy","duration":11.15871800000059,"failureMessages":[],"meta":{}},{"ancestorTitles":["TrendingService Rate Limiting and Timeout Tests","Task 17.2.3: Load test with large retention windows (30+ days)"],"fullName":"TrendingService Rate Limiting and Timeout Tests Task 17.2.3: Load test with large retention windows (30+ days) should handle 30-day retention window efficiently","status":"passed","title":"should handle 30-day retention window efficiently","duration":5156.705492000001,"failureMessages":[],"meta":{}},{"ancestorTitles":["TrendingService Rate Limiting and Timeout Tests","Task 17.2.3: Load test with large retention windows (30+ days)"],"fullName":"TrendingService Rate Limiting and Timeout Tests Task 17.2.3: Load test with large retention windows (30+ days) should scale linearly with retention window size","status":"passed","title":"should scale linearly with retention window size","duration":13361.846171000001,"failureMessages":[],"meta":{}},{"ancestorTitles":["TrendingService Rate Limiting and Timeout Tests","Task 17.2.4: Verify continuation-safe checkpoints work correctly"],"fullName":"TrendingService Rate Limiting and Timeout Tests Task 17.2.4: Verify continuation-safe checkpoints work correctly should implement checkpoint mechanism for timeout recovery","status":"passed","title":"should implement checkpoint mechanism for timeout recovery","duration":467.89745299999777,"failureMessages":[],"meta":{}},{"ancestorTitles":["TrendingService Rate Limiting and Timeout Tests","Task 17.2.4: Verify continuation-safe checkpoints work correctly"],"fullName":"TrendingService Rate Limiting and Timeout Tests Task 17.2.4: Verify continuation-safe checkpoints work correctly should handle multiple checkpoint scenarios","status":"passed","title":"should handle multiple checkpoint scenarios","duration":108.64522099999886,"failureMessages":[],"meta":{}},{"ancestorTitles":["TrendingService Rate Limiting and Timeout Tests","Rate Limiting Integration Tests"],"fullName":"TrendingService Rate Limiting and Timeout Tests Rate Limiting Integration Tests should respect Redis operation rate limits","status":"passed","title":"should respect Redis operation rate limits","duration":15373.040577,"failureMessages":[],"meta":{}}],"startTime":1776279007018,"endTime":1776279055854.0405,"status":"passed","message":"","name":"/Volumes/Expansion/dev/modscope/src/server/services/TrendingService.ratelimit.test.ts"},{"assertionResults":[{"ancestorTitles":["TrendingService Retention and Cleanup Tests","15.3.1 Test purge removes trend artifacts for expired scans"],"fullName":"TrendingService Retention and Cleanup Tests 15.3.1 Test purge removes trend artifacts for expired scans should remove subscriber_growth entries when scan is deleted","status":"passed","title":"should remove subscriber_growth entries when scan is deleted","duration":4774.250078,"failureMessages":[],"meta":{}},{"ancestorTitles":["TrendingService Retention and Cleanup Tests","15.3.1 Test purge removes trend artifacts for expired scans"],"fullName":"TrendingService Retention and Cleanup Tests 15.3.1 Test purge removes trend artifacts for expired scans should remove engagement_avg entries when scan is deleted","status":"passed","title":"should remove engagement_avg entries when scan is deleted","duration":4723.049419999999,"failureMessages":[],"meta":{}},{"ancestorTitles":["TrendingService Retention and Cleanup Tests","15.3.1 Test purge removes trend artifacts for expired scans"],"fullName":"TrendingService Retention and Cleanup Tests 15.3.1 Test purge removes trend artifacts for expired scans should remove engagement_anomalies entries when scan is deleted","status":"passed","title":"should remove engagement_anomalies entries when scan is deleted","duration":4729.966026,"failureMessages":[],"meta":{}},{"ancestorTitles":["TrendingService Retention and Cleanup Tests","15.3.1 Test purge removes trend artifacts for expired scans"],"fullName":"TrendingService Retention and Cleanup Tests 15.3.1 Test purge removes trend artifacts for expired scans should remove flair_distribution hash when scan is deleted","status":"passed","title":"should remove flair_distribution hash when scan is deleted","duration":4716.259452,"failureMessages":[],"meta":{}},{"ancestorTitles":["TrendingService Retention and Cleanup Tests","15.3.1 Test purge removes trend artifacts for expired scans"],"fullName":"TrendingService Retention and Cleanup Tests 15.3.1 Test purge removes trend artifacts for expired scans should remove best_times hash when scan is deleted","status":"passed","title":"should remove best_times hash when scan is deleted","duration":4742.5065859999995,"failureMessages":[],"meta":{}},{"ancestorTitles":["TrendingService Retention and Cleanup Tests","15.3.1 Test purge removes trend artifacts for expired scans"],"fullName":"TrendingService Retention and Cleanup Tests 15.3.1 Test purge removes trend artifacts for expired scans should remove all trend keys when all scans are deleted","status":"passed","title":"should remove all trend keys when all scans are deleted","duration":34786.036571000004,"failureMessages":[],"meta":{}},{"ancestorTitles":["TrendingService Retention and Cleanup Tests","15.3.2 Test purge recomputes recap strings from remaining data"],"fullName":"TrendingService Retention and Cleanup Tests 15.3.2 Test purge recomputes recap strings from remaining data should recompute content_mix_recap after scan deletion","status":"passed","title":"should recompute content_mix_recap after scan deletion","duration":4719.339567000003,"failureMessages":[],"meta":{}},{"ancestorTitles":["TrendingService Retention and Cleanup Tests","15.3.2 Test purge recomputes recap strings from remaining data"],"fullName":"TrendingService Retention and Cleanup Tests 15.3.2 Test purge recomputes recap strings from remaining data should recompute posting_pattern_recap after scan deletion","status":"passed","title":"should recompute posting_pattern_recap after scan deletion","duration":4715.173070999997,"failureMessages":[],"meta":{}},{"ancestorTitles":["TrendingService Retention and Cleanup Tests","15.3.3 Test idempotent rerun behavior for all key families"],"fullName":"TrendingService Retention and Cleanup Tests 15.3.3 Test idempotent rerun behavior for all key families should produce identical subscriber_growth on rerun","status":"passed","title":"should produce identical subscriber_growth on rerun","duration":4868.677519000004,"failureMessages":[],"meta":{}}],"startTime":1776279007017,"endTime":1776279079795.6775,"status":"passed","message":"","name":"/Volumes/Expansion/dev/modscope/src/server/services/TrendingService.retention.test.ts"},{"assertionResults":[{"ancestorTitles":["TrendingService Performance Tests","Task 17.1.1: Measure trend forecasting execution time with 50-post analysis pool"],"fullName":"TrendingService Performance Tests Task 17.1.1: Measure trend forecasting execution time with 50-post analysis pool should measure total execution time for trend forecasting","status":"passed","title":"should measure total execution time for trend forecasting","duration":172.81834600000002,"failureMessages":[],"meta":{}},{"ancestorTitles":["TrendingService Performance Tests","Task 17.1.1: Measure trend forecasting execution time with 50-post analysis pool"],"fullName":"TrendingService Performance Tests Task 17.1.1: Measure trend forecasting execution time with 50-post analysis pool should measure execution time for each major stage","status":"passed","title":"should measure execution time for each major stage","duration":162.35756600000002,"failureMessages":[],"meta":{}},{"ancestorTitles":["TrendingService Performance Tests","Task 17.1.1: Measure trend forecasting execution time with 50-post analysis pool"],"fullName":"TrendingService Performance Tests Task 17.1.1: Measure trend forecasting execution time with 50-post analysis pool should measure performance with different analysis pool sizes","status":"passed","title":"should measure performance with different analysis pool sizes","duration":496.97989900000005,"failureMessages":[],"meta":{}},{"ancestorTitles":["TrendingService Performance Tests","Task 17.1.2: Verify completion within 5-second target"],"fullName":"TrendingService Performance Tests Task 17.1.2: Verify completion within 5-second target should complete trend forecasting within 5 seconds for 50-post analysis pool","status":"passed","title":"should complete trend forecasting within 5 seconds for 50-post analysis pool","duration":185.122699,"failureMessages":[],"meta":{}},{"ancestorTitles":["TrendingService Performance Tests","Task 17.1.2: Verify completion within 5-second target"],"fullName":"TrendingService Performance Tests Task 17.1.2: Verify completion within 5-second target should handle timeout scenarios gracefully","status":"passed","title":"should handle timeout scenarios gracefully","duration":180.1339320000002,"failureMessages":[],"meta":{}},{"ancestorTitles":["TrendingService Performance Tests","Task 17.1.2: Verify completion within 5-second target"],"fullName":"TrendingService Performance Tests Task 17.1.2: Verify completion within 5-second target should measure performance under stress conditions","status":"passed","title":"should measure performance under stress conditions","duration":168.81352600000014,"failureMessages":[],"meta":{}},{"ancestorTitles":["TrendingService Performance Tests","Task 17.1.3: Profile Redis operations and identify bottlenecks"],"fullName":"TrendingService Performance Tests Task 17.1.3: Profile Redis operations and identify bottlenecks should profile Redis operation performance","status":"passed","title":"should profile Redis operation performance","duration":160.49812999999995,"failureMessages":[],"meta":{}},{"ancestorTitles":["TrendingService Performance Tests","Task 17.1.3: Profile Redis operations and identify bottlenecks"],"fullName":"TrendingService Performance Tests Task 17.1.3: Profile Redis operations and identify bottlenecks should verify batched operations are used efficiently","status":"passed","title":"should verify batched operations are used efficiently","duration":158.58607199999983,"failureMessages":[],"meta":{}},{"ancestorTitles":["TrendingService Performance Tests","Task 17.1.3: Profile Redis operations and identify bottlenecks"],"fullName":"TrendingService Performance Tests Task 17.1.3: Profile Redis operations and identify bottlenecks should measure memory usage patterns","status":"passed","title":"should measure memory usage patterns","duration":158.9939730000001,"failureMessages":[],"meta":{}},{"ancestorTitles":["TrendingService Performance Tests","Task 17.1.3: Profile Redis operations and identify bottlenecks"],"fullName":"TrendingService Performance Tests Task 17.1.3: Profile Redis operations and identify bottlenecks should analyze operation concurrency and batching patterns","status":"passed","title":"should analyze operation concurrency and batching patterns","duration":165.39447100000007,"failureMessages":[],"meta":{}},{"ancestorTitles":["TrendingService Performance Tests","Performance Regression Tests"],"fullName":"TrendingService Performance Tests Performance Regression Tests should maintain consistent performance across multiple runs","status":"passed","title":"should maintain consistent performance across multiple runs","duration":802.5165939999997,"failureMessages":[],"meta":{}},{"ancestorTitles":["TrendingService Performance Tests","Task 14.2: Data Transformation Logic Tests","14.2.1 Flair tally normalization with zero-fill"],"fullName":"TrendingService Performance Tests Task 14.2: Data Transformation Logic Tests 14.2.1 Flair tally normalization with zero-fill should initialize all flair counts to 0 for continuity","status":"passed","title":"should initialize all flair counts to 0 for continuity","duration":8.812050999999883,"failureMessages":[],"meta":{}},{"ancestorTitles":["TrendingService Performance Tests","Task 14.2: Data Transformation Logic Tests","14.2.1 Flair tally normalization with zero-fill"],"fullName":"TrendingService Performance Tests Task 14.2: Data Transformation Logic Tests 14.2.1 Flair tally normalization with zero-fill should preserve zero-fill when some flairs are missing from scan data","status":"passed","title":"should preserve zero-fill when some flairs are missing from scan data","duration":18.658943999999792,"failureMessages":[],"meta":{}},{"ancestorTitles":["TrendingService Performance Tests","Task 14.2: Data Transformation Logic Tests","14.2.1 Flair tally normalization with zero-fill"],"fullName":"TrendingService Performance Tests Task 14.2: Data Transformation Logic Tests 14.2.1 Flair tally normalization with zero-fill should handle empty flair list","status":"passed","title":"should handle empty flair list","duration":6.956114999999954,"failureMessages":[],"meta":{}},{"ancestorTitles":["TrendingService Performance Tests","Task 14.2: Data Transformation Logic Tests","14.2.1 Flair tally normalization with zero-fill"],"fullName":"TrendingService Performance Tests Task 14.2: Data Transformation Logic Tests 14.2.1 Flair tally normalization with zero-fill should handle single flair","status":"passed","title":"should handle single flair","duration":10.514006999999765,"failureMessages":[],"meta":{}},{"ancestorTitles":["TrendingService Performance Tests","Task 14.2: Data Transformation Logic Tests","14.2.2 Content mix recap generation with significant delta detection"],"fullName":"TrendingService Performance Tests Task 14.2: Data Transformation Logic Tests 14.2.2 Content mix recap generation with significant delta detection should return not enough data message for less than 2 distributions","status":"passed","title":"should return not enough data message for less than 2 distributions","duration":7.063638000000083,"failureMessages":[],"meta":{}},{"ancestorTitles":["TrendingService Performance Tests","Task 14.2: Data Transformation Logic Tests","14.2.2 Content mix recap generation with significant delta detection"],"fullName":"TrendingService Performance Tests Task 14.2: Data Transformation Logic Tests 14.2.2 Content mix recap generation with significant delta detection should detect significant increase in a flair (5+ percentage points)","status":"passed","title":"should detect significant increase in a flair (5+ percentage points)","duration":6.366605000000163,"failureMessages":[],"meta":{}},{"ancestorTitles":["TrendingService Performance Tests","Task 14.2: Data Transformation Logic Tests","14.2.2 Content mix recap generation with significant delta detection"],"fullName":"TrendingService Performance Tests Task 14.2: Data Transformation Logic Tests 14.2.2 Content mix recap generation with significant delta detection should detect significant decrease in a flair (5+ percentage points)","status":"passed","title":"should detect significant decrease in a flair (5+ percentage points)","duration":14.971340000000055,"failureMessages":[],"meta":{}},{"ancestorTitles":["TrendingService Performance Tests","Task 14.2: Data Transformation Logic Tests","14.2.2 Content mix recap generation with significant delta detection"],"fullName":"TrendingService Performance Tests Task 14.2: Data Transformation Logic Tests 14.2.2 Content mix recap generation with significant delta detection should return consistent message when changes are below 5 percentage points","status":"passed","title":"should return consistent message when changes are below 5 percentage points","duration":6.684156000000257,"failureMessages":[],"meta":{}},{"ancestorTitles":["TrendingService Performance Tests","Task 14.2: Data Transformation Logic Tests","14.2.2 Content mix recap generation with significant delta detection"],"fullName":"TrendingService Performance Tests Task 14.2: Data Transformation Logic Tests 14.2.2 Content mix recap generation with significant delta detection should handle edge case with zero posts in historical window","status":"passed","title":"should handle edge case with zero posts in historical window","duration":20.77487199999996,"failureMessages":[],"meta":{}},{"ancestorTitles":["TrendingService Performance Tests","Task 14.2: Data Transformation Logic Tests","14.2.2 Content mix recap generation with significant delta detection"],"fullName":"TrendingService Performance Tests Task 14.2: Data Transformation Logic Tests 14.2.2 Content mix recap generation with significant delta detection should prioritize the most significant change when multiple flairs change","status":"passed","title":"should prioritize the most significant change when multiple flairs change","duration":6.607034999999996,"failureMessages":[],"meta":{}},{"ancestorTitles":["TrendingService Performance Tests","Task 14.2: Data Transformation Logic Tests","14.2.3 Heatmap bucketing and delta computation"],"fullName":"TrendingService Performance Tests Task 14.2: Data Transformation Logic Tests 14.2.3 Heatmap bucketing and delta computation should initialize all 168 buckets (7 days × 24 hours)","status":"passed","title":"should initialize all 168 buckets (7 days × 24 hours)","duration":4.775449000000208,"failureMessages":[],"meta":{}},{"ancestorTitles":["TrendingService Performance Tests","Task 14.2: Data Transformation Logic Tests","14.2.3 Heatmap bucketing and delta computation"],"fullName":"TrendingService Performance Tests Task 14.2: Data Transformation Logic Tests 14.2.3 Heatmap bucketing and delta computation should correctly bucket posts by day-of-week and hour in UTC","status":"passed","title":"should correctly bucket posts by day-of-week and hour in UTC","duration":5.877533999999741,"failureMessages":[],"meta":{}},{"ancestorTitles":["TrendingService Performance Tests","Task 14.2: Data Transformation Logic Tests","14.2.3 Heatmap bucketing and delta computation"],"fullName":"TrendingService Performance Tests Task 14.2: Data Transformation Logic Tests 14.2.3 Heatmap bucketing and delta computation should calculate delta as recent - historical","status":"passed","title":"should calculate delta as recent - historical","duration":5.541885999999977,"failureMessages":[],"meta":{}},{"ancestorTitles":["TrendingService Performance Tests","Task 14.2: Data Transformation Logic Tests","14.2.3 Heatmap bucketing and delta computation"],"fullName":"TrendingService Performance Tests Task 14.2: Data Transformation Logic Tests 14.2.3 Heatmap bucketing and delta computation should handle missing buckets in delta calculation","status":"passed","title":"should handle missing buckets in delta calculation","duration":7.500982000000022,"failureMessages":[],"meta":{}},{"ancestorTitles":["TrendingService Performance Tests","Task 14.2: Data Transformation Logic Tests","14.2.3 Heatmap bucketing and delta computation"],"fullName":"TrendingService Performance Tests Task 14.2: Data Transformation Logic Tests 14.2.3 Heatmap bucketing and delta computation should correctly identify weekday vs weekend buckets","status":"passed","title":"should correctly identify weekday vs weekend buckets","duration":12.799613000000136,"failureMessages":[],"meta":{}},{"ancestorTitles":["TrendingService Performance Tests","Task 14.2: Data Transformation Logic Tests","14.2.4 Posting pattern recap generation with weekday/weekend grouping"],"fullName":"TrendingService Performance Tests Task 14.2: Data Transformation Logic Tests 14.2.4 Posting pattern recap generation with weekday/weekend grouping should return consistent message when no significant shifts","status":"passed","title":"should return consistent message when no significant shifts","duration":9.849542999999812,"failureMessages":[],"meta":{}},{"ancestorTitles":["TrendingService Performance Tests","Task 14.2: Data Transformation Logic Tests","14.2.4 Posting pattern recap generation with weekday/weekend grouping"],"fullName":"TrendingService Performance Tests Task 14.2: Data Transformation Logic Tests 14.2.4 Posting pattern recap generation with weekday/weekend grouping should detect shift toward weekends","status":"passed","title":"should detect shift toward weekends","duration":5.568160000000262,"failureMessages":[],"meta":{}},{"ancestorTitles":["TrendingService Performance Tests","Task 14.2: Data Transformation Logic Tests","14.2.4 Posting pattern recap generation with weekday/weekend grouping"],"fullName":"TrendingService Performance Tests Task 14.2: Data Transformation Logic Tests 14.2.4 Posting pattern recap generation with weekday/weekend grouping should detect shift toward weekdays","status":"passed","title":"should detect shift toward weekdays","duration":5.794957000000068,"failureMessages":[],"meta":{}},{"ancestorTitles":["TrendingService Performance Tests","Task 14.2: Data Transformation Logic Tests","14.2.4 Posting pattern recap generation with weekday/weekend grouping"],"fullName":"TrendingService Performance Tests Task 14.2: Data Transformation Logic Tests 14.2.4 Posting pattern recap generation with weekday/weekend grouping should detect time of day shift (evening hours)","status":"passed","title":"should detect time of day shift (evening hours)","duration":5.083168999999998,"failureMessages":[],"meta":{}},{"ancestorTitles":["TrendingService Performance Tests","Task 14.2: Data Transformation Logic Tests","14.2.4 Posting pattern recap generation with weekday/weekend grouping"],"fullName":"TrendingService Performance Tests Task 14.2: Data Transformation Logic Tests 14.2.4 Posting pattern recap generation with weekday/weekend grouping should use 5 post threshold for significant shift detection","status":"passed","title":"should use 5 post threshold for significant shift detection","duration":6.029669999999896,"failureMessages":[],"meta":{}},{"ancestorTitles":["TrendingService Performance Tests","Task 14.2: Data Transformation Logic Tests","14.2.4 Posting pattern recap generation with weekday/weekend grouping"],"fullName":"TrendingService Performance Tests Task 14.2: Data Transformation Logic Tests 14.2.4 Posting pattern recap generation with weekday/weekend grouping should handle empty buckets","status":"passed","title":"should handle empty buckets","duration":7.154829000000063,"failureMessages":[],"meta":{}},{"ancestorTitles":["TrendingService Performance Tests","Task 14.2: Data Transformation Logic Tests","14.2.5 Best posting times slot scoring"],"fullName":"TrendingService Performance Tests Task 14.2: Data Transformation Logic Tests 14.2.5 Best posting times slot scoring should initialize all 168 slots (7 days × 24 hours)","status":"passed","title":"should initialize all 168 slots (7 days × 24 hours)","duration":8.289090000000215,"failureMessages":[],"meta":{}},{"ancestorTitles":["TrendingService Performance Tests","Task 14.2: Data Transformation Logic Tests","14.2.5 Best posting times slot scoring"],"fullName":"TrendingService Performance Tests Task 14.2: Data Transformation Logic Tests 14.2.5 Best posting times slot scoring should calculate weighted scores: avgEngagement × log(postCount + 1)","status":"passed","title":"should calculate weighted scores: avgEngagement × log(postCount + 1)","duration":21.820635999999922,"failureMessages":[],"meta":{}},{"ancestorTitles":["TrendingService Performance Tests","Task 14.2: Data Transformation Logic Tests","14.2.5 Best posting times slot scoring"],"fullName":"TrendingService Performance Tests Task 14.2: Data Transformation Logic Tests 14.2.5 Best posting times slot scoring should return 0 for slots with no posts","status":"passed","title":"should return 0 for slots with no posts","duration":9.501262000000224,"failureMessages":[],"meta":{}},{"ancestorTitles":["TrendingService Performance Tests","Task 14.2: Data Transformation Logic Tests","14.2.5 Best posting times slot scoring"],"fullName":"TrendingService Performance Tests Task 14.2: Data Transformation Logic Tests 14.2.5 Best posting times slot scoring should round scores to 2 decimal places","status":"passed","title":"should round scores to 2 decimal places","duration":10.017053000000033,"failureMessages":[],"meta":{}},{"ancestorTitles":["TrendingService Performance Tests","Task 14.2: Data Transformation Logic Tests","14.2.5 Best posting times slot scoring"],"fullName":"TrendingService Performance Tests Task 14.2: Data Transformation Logic Tests 14.2.5 Best posting times slot scoring should handle empty posts array","status":"passed","title":"should handle empty posts array","duration":15.657901999999922,"failureMessages":[],"meta":{}},{"ancestorTitles":["TrendingService Performance Tests","Task 14.2: Data Transformation Logic Tests","14.2.5 Best posting times slot scoring"],"fullName":"TrendingService Performance Tests Task 14.2: Data Transformation Logic Tests 14.2.5 Best posting times slot scoring should handle single post","status":"passed","title":"should handle single post","duration":8.105975999999828,"failureMessages":[],"meta":{}},{"ancestorTitles":["TrendingService Performance Tests","Task 14.2: Data Transformation Logic Tests","14.2.5 Best posting times slot scoring"],"fullName":"TrendingService Performance Tests Task 14.2: Data Transformation Logic Tests 14.2.5 Best posting times slot scoring should correctly bucket posts by UTC time","status":"passed","title":"should correctly bucket posts by UTC time","duration":7.768934999999601,"failureMessages":[],"meta":{}},{"ancestorTitles":["TrendingService Performance Tests","Task 14.2: Data Transformation Logic Tests","14.2.5 Best posting times slot scoring"],"fullName":"TrendingService Performance Tests Task 14.2: Data Transformation Logic Tests 14.2.5 Best posting times slot scoring should aggregate multiple posts in same slot","status":"passed","title":"should aggregate multiple posts in same slot","duration":14.488561000000118,"failureMessages":[],"meta":{}},{"ancestorTitles":["TrendingService Performance Tests","Global Aggregates Trend forecasting Logic"],"fullName":"TrendingService Performance Tests Global Aggregates Trend forecasting Logic should compute valid global aggregates across retained scans","status":"passed","title":"should compute valid global aggregates across retained scans","duration":10.068866999999955,"failureMessages":[],"meta":{}},{"ancestorTitles":["TrendingService Performance Tests","Global Aggregates Trend forecasting Logic"],"fullName":"TrendingService Performance Tests Global Aggregates Trend forecasting Logic should handle zero scans safely","status":"passed","title":"should handle zero scans safely","duration":7.3656300000002375,"failureMessages":[],"meta":{}},{"ancestorTitles":["Task 14.3: Serialization Logic Tests","14.3.1 Serializer-parser round-trip"],"fullName":"Task 14.3: Serialization Logic Tests 14.3.1 Serializer-parser round-trip should preserve data through serialize → Redis → parse round-trip for ZSET","status":"passed","title":"should preserve data through serialize → Redis → parse round-trip for ZSET","duration":1.2505980000000818,"failureMessages":[],"meta":{}},{"ancestorTitles":["Task 14.3: Serialization Logic Tests","14.3.1 Serializer-parser round-trip"],"fullName":"Task 14.3: Serialization Logic Tests 14.3.1 Serializer-parser round-trip should preserve data through serialize → Redis → parse round-trip for HASH","status":"passed","title":"should preserve data through serialize → Redis → parse round-trip for HASH","duration":0.5296290000001136,"failureMessages":[],"meta":{}},{"ancestorTitles":["Task 14.3: Serialization Logic Tests","14.3.1 Serializer-parser round-trip"],"fullName":"Task 14.3: Serialization Logic Tests 14.3.1 Serializer-parser round-trip should handle empty data round-trip","status":"passed","title":"should handle empty data round-trip","duration":0.3115490000000136,"failureMessages":[],"meta":{}},{"ancestorTitles":["Task 14.3: Serialization Logic Tests","14.3.1 Serializer-parser round-trip"],"fullName":"Task 14.3: Serialization Logic Tests 14.3.1 Serializer-parser round-trip should preserve floating point values through round-trip","status":"passed","title":"should preserve floating point values through round-trip","duration":0.9277570000003834,"failureMessages":[],"meta":{}},{"ancestorTitles":["Task 14.3: Serialization Logic Tests","14.3.1 Serializer-parser round-trip"],"fullName":"Task 14.3: Serialization Logic Tests 14.3.1 Serializer-parser round-trip should sort parsed ZSET data by timestamp","status":"passed","title":"should sort parsed ZSET data by timestamp","duration":0.4252799999999297,"failureMessages":[],"meta":{}},{"ancestorTitles":["Task 14.3: Serialization Logic Tests","14.3.2 Malformed entry skip behavior with logging"],"fullName":"Task 14.3: Serialization Logic Tests 14.3.2 Malformed entry skip behavior with logging should skip malformed ZSET members with missing colon","status":"passed","title":"should skip malformed ZSET members with missing colon","duration":3.2380769999999757,"failureMessages":[],"meta":{}},{"ancestorTitles":["Task 14.3: Serialization Logic Tests","14.3.2 Malformed entry skip behavior with logging"],"fullName":"Task 14.3: Serialization Logic Tests 14.3.2 Malformed entry skip behavior with logging should skip ZSET members with empty parts","status":"passed","title":"should skip ZSET members with empty parts","duration":0.35754799999995157,"failureMessages":[],"meta":{}},{"ancestorTitles":["Task 14.3: Serialization Logic Tests","14.3.2 Malformed entry skip behavior with logging"],"fullName":"Task 14.3: Serialization Logic Tests 14.3.2 Malformed entry skip behavior with logging should skip ZSET members with invalid timestamp","status":"passed","title":"should skip ZSET members with invalid timestamp","duration":0.6459220000001551,"failureMessages":[],"meta":{}},{"ancestorTitles":["Task 14.3: Serialization Logic Tests","14.3.2 Malformed entry skip behavior with logging"],"fullName":"Task 14.3: Serialization Logic Tests 14.3.2 Malformed entry skip behavior with logging should skip ZSET members with invalid value","status":"passed","title":"should skip ZSET members with invalid value","duration":0.5289029999999002,"failureMessages":[],"meta":{}},{"ancestorTitles":["Task 14.3: Serialization Logic Tests","14.3.2 Malformed entry skip behavior with logging"],"fullName":"Task 14.3: Serialization Logic Tests 14.3.2 Malformed entry skip behavior with logging should skip ZSET members with unreasonable timestamp","status":"passed","title":"should skip ZSET members with unreasonable timestamp","duration":0.5178209999999126,"failureMessages":[],"meta":{}},{"ancestorTitles":["Task 14.3: Serialization Logic Tests","14.3.2 Malformed entry skip behavior with logging"],"fullName":"Task 14.3: Serialization Logic Tests 14.3.2 Malformed entry skip behavior with logging should skip non-string ZSET members","status":"passed","title":"should skip non-string ZSET members","duration":0.2703809999998157,"failureMessages":[],"meta":{}},{"ancestorTitles":["Task 14.3: Serialization Logic Tests","14.3.2 Malformed entry skip behavior with logging"],"fullName":"Task 14.3: Serialization Logic Tests 14.3.2 Malformed entry skip behavior with logging should skip malformed hash entries with empty field","status":"passed","title":"should skip malformed hash entries with empty field","duration":1.9500889999999345,"failureMessages":[],"meta":{}},{"ancestorTitles":["Task 14.3: Serialization Logic Tests","14.3.2 Malformed entry skip behavior with logging"],"fullName":"Task 14.3: Serialization Logic Tests 14.3.2 Malformed entry skip behavior with logging should skip malformed hash entries with empty value","status":"passed","title":"should skip malformed hash entries with empty value","duration":1.1269279999996797,"failureMessages":[],"meta":{}},{"ancestorTitles":["Task 14.3: Serialization Logic Tests","14.3.2 Malformed entry skip behavior with logging"],"fullName":"Task 14.3: Serialization Logic Tests 14.3.2 Malformed entry skip behavior with logging should skip hash entries with invalid value","status":"passed","title":"should skip hash entries with invalid value","duration":0.5783050000000003,"failureMessages":[],"meta":{}},{"ancestorTitles":["Task 14.3: Serialization Logic Tests","14.3.2 Malformed entry skip behavior with logging"],"fullName":"Task 14.3: Serialization Logic Tests 14.3.2 Malformed entry skip behavior with logging should skip negative values in flair_distribution","status":"passed","title":"should skip negative values in flair_distribution","duration":0.4522919999999431,"failureMessages":[],"meta":{}},{"ancestorTitles":["Task 14.3: Serialization Logic Tests","14.3.2 Malformed entry skip behavior with logging"],"fullName":"Task 14.3: Serialization Logic Tests 14.3.2 Malformed entry skip behavior with logging should allow negative values in posting_heatmap","status":"passed","title":"should allow negative values in posting_heatmap","duration":0.24124600000004648,"failureMessages":[],"meta":{}},{"ancestorTitles":["Task 14.3: Serialization Logic Tests","14.3.2 Malformed entry skip behavior with logging"],"fullName":"Task 14.3: Serialization Logic Tests 14.3.2 Malformed entry skip behavior with logging should use keyValidator when provided","status":"passed","title":"should use keyValidator when provided","duration":0.5210630000001402,"failureMessages":[],"meta":{}},{"ancestorTitles":["Task 14.3: Serialization Logic Tests","14.3.2 Malformed entry skip behavior with logging"],"fullName":"Task 14.3: Serialization Logic Tests 14.3.2 Malformed entry skip behavior with logging should handle completely malformed input gracefully","status":"passed","title":"should handle completely malformed input gracefully","duration":0.19016299999975672,"failureMessages":[],"meta":{}},{"ancestorTitles":["Task 14.3: Serialization Logic Tests","14.3.2 Malformed entry skip behavior with logging"],"fullName":"Task 14.3: Serialization Logic Tests 14.3.2 Malformed entry skip behavior with logging should log errors during parsing with try-catch","status":"passed","title":"should log errors during parsing with try-catch","duration":0.6405749999998989,"failureMessages":[],"meta":{}}],"startTime":1776279032586,"endTime":1776279035712.6406,"status":"passed","message":"","name":"/Volumes/Expansion/dev/modscope/src/server/services/TrendingService.test.ts"}]}