{"numTotalTestSuites":54,"numPassedTestSuites":54,"numFailedTestSuites":0,"numPendingTestSuites":0,"numTotalTests":142,"numPassedTests":142,"numFailedTests":0,"numPendingTests":0,"numTodoTests":0,"snapshot":{"added":0,"failure":false,"filesAdded":0,"filesRemoved":0,"filesRemovedList":[],"filesUnmatched":0,"filesUpdated":0,"matched":0,"total":0,"unchecked":0,"uncheckedKeysByFile":[],"unmatched":0,"updated":0,"didUpdate":false},"startTime":1776159281377,"success":true,"testResults":[{"assertionResults":[{"ancestorTitles":["TrendingService Benchmark Tests","Comprehensive Performance Benchmark"],"fullName":"TrendingService Benchmark Tests Comprehensive Performance Benchmark should complete full trend forecasting with realistic data under 5 seconds","status":"passed","title":"should complete full trend forecasting with realistic data under 5 seconds","duration":166.686871,"failureMessages":[],"meta":{}},{"ancestorTitles":["TrendingService Benchmark Tests","Comprehensive Performance Benchmark"],"fullName":"TrendingService Benchmark Tests Comprehensive Performance Benchmark should demonstrate comprehensive Redis operation profiling","status":"passed","title":"should demonstrate comprehensive Redis operation profiling","duration":158.35308500000002,"failureMessages":[],"meta":{}},{"ancestorTitles":["TrendingService Benchmark Tests","Comprehensive Performance Benchmark"],"fullName":"TrendingService Benchmark Tests Comprehensive Performance Benchmark should verify data trend forecasting completeness and accuracy","status":"passed","title":"should verify data trend forecasting completeness and accuracy","duration":158.57835,"failureMessages":[],"meta":{}},{"ancestorTitles":["TrendingService Benchmark Tests","Comprehensive Performance Benchmark"],"fullName":"TrendingService Benchmark Tests Comprehensive Performance Benchmark should demonstrate memory efficiency under load","status":"passed","title":"should demonstrate memory efficiency under load","duration":469.393508,"failureMessages":[],"meta":{}},{"ancestorTitles":["TrendingService Benchmark Tests","Performance Regression Detection"],"fullName":"TrendingService Benchmark Tests Performance Regression Detection should maintain consistent performance across multiple runs","status":"passed","title":"should maintain consistent performance across multiple runs","duration":793.7262309999999,"failureMessages":[],"meta":{}}],"startTime":1776159311083,"endTime":1776159312829.7263,"status":"passed","message":"","name":"/Volumes/Expansion/dev/modscope/src/server/services/TrendingService.benchmark.test.ts"},{"assertionResults":[{"ancestorTitles":["TrendingService Calculation Logic Tests","Task 14.1.1: Test linear regression calculation with various data distributions"],"fullName":"TrendingService Calculation Logic Tests Task 14.1.1: Test linear regression calculation with various data distributions should calculate correct linear regression for positive trend","status":"passed","title":"should calculate correct linear regression for positive trend","duration":2.342264,"failureMessages":[],"meta":{}},{"ancestorTitles":["TrendingService Calculation Logic Tests","Task 14.1.1: Test linear regression calculation with various data distributions"],"fullName":"TrendingService Calculation Logic Tests Task 14.1.1: Test linear regression calculation with various data distributions should calculate correct linear regression for negative trend","status":"passed","title":"should calculate correct linear regression for negative trend","duration":0.4124700000000132,"failureMessages":[],"meta":{}},{"ancestorTitles":["TrendingService Calculation Logic Tests","Task 14.1.1: Test linear regression calculation with various data distributions"],"fullName":"TrendingService Calculation Logic Tests Task 14.1.1: Test linear regression calculation with various data distributions should calculate linear regression for noisy data","status":"passed","title":"should calculate linear regression for noisy data","duration":0.6097549999999785,"failureMessages":[],"meta":{}},{"ancestorTitles":["TrendingService Calculation Logic Tests","Task 14.1.1: Test linear regression calculation with various data distributions"],"fullName":"TrendingService Calculation Logic Tests Task 14.1.1: Test linear regression calculation with various data distributions should handle single data point","status":"passed","title":"should handle single data point","duration":0.49514500000000794,"failureMessages":[],"meta":{}},{"ancestorTitles":["TrendingService Calculation Logic Tests","Task 14.1.1: Test linear regression calculation with various data distributions"],"fullName":"TrendingService Calculation Logic Tests Task 14.1.1: Test linear regression calculation with various data distributions should handle empty data","status":"passed","title":"should handle empty data","duration":0.33294599999999264,"failureMessages":[],"meta":{}},{"ancestorTitles":["TrendingService Calculation Logic Tests","Task 14.1.1: Test linear regression calculation with various data distributions"],"fullName":"TrendingService Calculation Logic Tests Task 14.1.1: Test linear regression calculation with various data distributions should handle constant values (zero variance)","status":"passed","title":"should handle constant values (zero variance)","duration":0.356521999999984,"failureMessages":[],"meta":{}},{"ancestorTitles":["TrendingService Calculation Logic Tests","Task 14.1.1: Test linear regression calculation with various data distributions"],"fullName":"TrendingService Calculation Logic Tests Task 14.1.1: Test linear regression calculation with various data distributions should handle large timestamp values","status":"passed","title":"should handle large timestamp values","duration":0.3517669999999953,"failureMessages":[],"meta":{}},{"ancestorTitles":["TrendingService Calculation Logic Tests","Task 14.1.2: Test forecast horizon adaptation logic"],"fullName":"TrendingService Calculation Logic Tests Task 14.1.2: Test forecast horizon adaptation logic should generate growth forecast with default horizon for good quality data","status":"passed","title":"should generate growth forecast with default horizon for good quality data","duration":2.0994719999999916,"failureMessages":[],"meta":{}},{"ancestorTitles":["TrendingService Calculation Logic Tests","Task 14.1.2: Test forecast horizon adaptation logic"],"fullName":"TrendingService Calculation Logic Tests Task 14.1.2: Test forecast horizon adaptation logic should reduce forecast horizon for sparse data","status":"passed","title":"should reduce forecast horizon for sparse data","duration":0.6925569999999936,"failureMessages":[],"meta":{}},{"ancestorTitles":["TrendingService Calculation Logic Tests","Task 14.1.2: Test forecast horizon adaptation logic"],"fullName":"TrendingService Calculation Logic Tests Task 14.1.2: Test forecast horizon adaptation logic should reduce forecast horizon for noisy data","status":"passed","title":"should reduce forecast horizon for noisy data","duration":0.614418999999998,"failureMessages":[],"meta":{}},{"ancestorTitles":["TrendingService Calculation Logic Tests","Task 14.1.2: Test forecast horizon adaptation logic"],"fullName":"TrendingService Calculation Logic Tests Task 14.1.2: Test forecast horizon adaptation logic should extend forecast horizon for high quality data","status":"passed","title":"should extend forecast horizon for high quality data","duration":1.9842649999999935,"failureMessages":[],"meta":{}},{"ancestorTitles":["TrendingService Calculation Logic Tests","Task 14.1.2: Test forecast horizon adaptation logic"],"fullName":"TrendingService Calculation Logic Tests Task 14.1.2: Test forecast horizon adaptation logic should handle insufficient data for forecasting","status":"passed","title":"should handle insufficient data for forecasting","duration":0.41810200000000464,"failureMessages":[],"meta":{}},{"ancestorTitles":["TrendingService Calculation Logic Tests","Task 14.1.2: Test forecast horizon adaptation logic"],"fullName":"TrendingService Calculation Logic Tests Task 14.1.2: Test forecast horizon adaptation logic should generate confidence bands for forecast points","status":"passed","title":"should generate confidence bands for forecast points","duration":4.948564000000005,"failureMessages":[],"meta":{}},{"ancestorTitles":["TrendingService Calculation Logic Tests","Task 14.1.3: Test growth rate percentage calculation including edge cases"],"fullName":"TrendingService Calculation Logic Tests Task 14.1.3: Test growth rate percentage calculation including edge cases should calculate positive growth rate correctly","status":"passed","title":"should calculate positive growth rate correctly","duration":0.2636280000000113,"failureMessages":[],"meta":{}},{"ancestorTitles":["TrendingService Calculation Logic Tests","Task 14.1.3: Test growth rate percentage calculation including edge cases"],"fullName":"TrendingService Calculation Logic Tests Task 14.1.3: Test growth rate percentage calculation including edge cases should calculate negative growth rate correctly","status":"passed","title":"should calculate negative growth rate correctly","duration":0.18375199999999836,"failureMessages":[],"meta":{}},{"ancestorTitles":["TrendingService Calculation Logic Tests","Task 14.1.3: Test growth rate percentage calculation including edge cases"],"fullName":"TrendingService Calculation Logic Tests Task 14.1.3: Test growth rate percentage calculation including edge cases should handle zero prior value (baseline is zero)","status":"passed","title":"should handle zero prior value (baseline is zero)","duration":0.15546299999999746,"failureMessages":[],"meta":{}},{"ancestorTitles":["TrendingService Calculation Logic Tests","Task 14.1.3: Test growth rate percentage calculation including edge cases"],"fullName":"TrendingService Calculation Logic Tests Task 14.1.3: Test growth rate percentage calculation including edge cases should handle single data point","status":"passed","title":"should handle single data point","duration":0.1399409999999932,"failureMessages":[],"meta":{}},{"ancestorTitles":["TrendingService Calculation Logic Tests","Task 14.1.3: Test growth rate percentage calculation including edge cases"],"fullName":"TrendingService Calculation Logic Tests Task 14.1.3: Test growth rate percentage calculation including edge cases should find closest point to 30 days ago","status":"passed","title":"should find closest point to 30 days ago","duration":0.16363200000000688,"failureMessages":[],"meta":{}},{"ancestorTitles":["TrendingService Calculation Logic Tests","Task 14.1.3: Test growth rate percentage calculation including edge cases"],"fullName":"TrendingService Calculation Logic Tests Task 14.1.3: Test growth rate percentage calculation including edge cases should round growth rate to one decimal place","status":"passed","title":"should round growth rate to one decimal place","duration":0.13960700000001225,"failureMessages":[],"meta":{}},{"ancestorTitles":["TrendingService Calculation Logic Tests","Task 14.1.3: Test growth rate percentage calculation including edge cases"],"fullName":"TrendingService Calculation Logic Tests Task 14.1.3: Test growth rate percentage calculation including edge cases should handle unsorted data points","status":"passed","title":"should handle unsorted data points","duration":0.15119800000002215,"failureMessages":[],"meta":{}},{"ancestorTitles":["TrendingService Calculation Logic Tests","Task 14.1.4: Test engagement average calculation from per-post TS ZSETs across retained window"],"fullName":"TrendingService Calculation Logic Tests Task 14.1.4: Test engagement average calculation from per-post TS ZSETs across retained window should calculate average engagement from engagement values","status":"passed","title":"should calculate average engagement from engagement values","duration":0.1539500000000089,"failureMessages":[],"meta":{}},{"ancestorTitles":["TrendingService Calculation Logic Tests","Task 14.1.4: Test engagement average calculation from per-post TS ZSETs across retained window"],"fullName":"TrendingService Calculation Logic Tests Task 14.1.4: Test engagement average calculation from per-post TS ZSETs across retained window should handle empty engagement values","status":"passed","title":"should handle empty engagement values","duration":0.11742699999999218,"failureMessages":[],"meta":{}},{"ancestorTitles":["TrendingService Calculation Logic Tests","Task 14.1.4: Test engagement average calculation from per-post TS ZSETs across retained window"],"fullName":"TrendingService Calculation Logic Tests Task 14.1.4: Test engagement average calculation from per-post TS ZSETs across retained window should round engagement average to two decimal places","status":"passed","title":"should round engagement average to two decimal places","duration":0.14656600000000708,"failureMessages":[],"meta":{}},{"ancestorTitles":["TrendingService Calculation Logic Tests","Task 14.1.5: Test spike/dip detection with 1.5 standard deviation threshold"],"fullName":"TrendingService Calculation Logic Tests Task 14.1.5: Test spike/dip detection with 1.5 standard deviation threshold should detect spikes above 1.5 standard deviations","status":"passed","title":"should detect spikes above 1.5 standard deviations","duration":0.20969900000000052,"failureMessages":[],"meta":{}},{"ancestorTitles":["TrendingService Calculation Logic Tests","Task 14.1.5: Test spike/dip detection with 1.5 standard deviation threshold"],"fullName":"TrendingService Calculation Logic Tests Task 14.1.5: Test spike/dip detection with 1.5 standard deviation threshold should detect dips below 1.5 standard deviations","status":"passed","title":"should detect dips below 1.5 standard deviations","duration":0.22701299999999947,"failureMessages":[],"meta":{}},{"ancestorTitles":["TrendingService Calculation Logic Tests","Task 14.1.5: Test spike/dip detection with 1.5 standard deviation threshold"],"fullName":"TrendingService Calculation Logic Tests Task 14.1.5: Test spike/dip detection with 1.5 standard deviation threshold should not flag values within 1.5 standard deviations","status":"passed","title":"should not flag values within 1.5 standard deviations","duration":0.19348500000000968,"failureMessages":[],"meta":{}},{"ancestorTitles":["TrendingService Calculation Logic Tests","Task 14.1.5: Test spike/dip detection with 1.5 standard deviation threshold"],"fullName":"TrendingService Calculation Logic Tests Task 14.1.5: Test spike/dip detection with 1.5 standard deviation threshold should handle minimum data requirement (need at least 3 points)","status":"passed","title":"should handle minimum data requirement (need at least 3 points)","duration":0.12889899999998988,"failureMessages":[],"meta":{}},{"ancestorTitles":["TrendingService Calculation Logic Tests","Task 14.1.5: Test spike/dip detection with 1.5 standard deviation threshold"],"fullName":"TrendingService Calculation Logic Tests Task 14.1.5: Test spike/dip detection with 1.5 standard deviation threshold should calculate correct standard deviation","status":"passed","title":"should calculate correct standard deviation","duration":0.2065499999999929,"failureMessages":[],"meta":{}},{"ancestorTitles":["TrendingService Calculation Logic Tests","Task 14.1.5: Test spike/dip detection with 1.5 standard deviation threshold"],"fullName":"TrendingService Calculation Logic Tests Task 14.1.5: Test spike/dip detection with 1.5 standard deviation threshold should round deviation values to two decimal places","status":"passed","title":"should round deviation values to two decimal places","duration":0.12027399999999489,"failureMessages":[],"meta":{}}],"startTime":1776159313059,"endTime":1776159313079.2065,"status":"passed","message":"","name":"/Volumes/Expansion/dev/modscope/src/server/services/TrendingService.calculation.test.ts"},{"assertionResults":[{"ancestorTitles":["Task 15.1: Test Settings and Snapshot Flow","15.1.1: Test save settings including analysisPoolSize and retention"],"fullName":"Task 15.1: Test Settings and Snapshot Flow 15.1.1: Test save settings including analysisPoolSize and retention should load settings with analysisPoolSize and retention from config","status":"passed","title":"should load settings with analysisPoolSize and retention from config","duration":3479.928153,"failureMessages":[],"meta":{}},{"ancestorTitles":["Task 15.1: Test Settings and Snapshot Flow","15.1.1: Test save settings including analysisPoolSize and retention"],"fullName":"Task 15.1: Test Settings and Snapshot Flow 15.1.1: Test save settings including analysisPoolSize and retention should use default values when settings are not present","status":"passed","title":"should use default values when settings are not present","duration":0.37813899999946443,"failureMessages":[],"meta":{}},{"ancestorTitles":["Task 15.1: Test Settings and Snapshot Flow","15.1.1: Test save settings including analysisPoolSize and retention"],"fullName":"Task 15.1: Test Settings and Snapshot Flow 15.1.1: Test save settings including analysisPoolSize and retention should persist settings correctly to Redis","status":"passed","title":"should persist settings correctly to Redis","duration":0.2507369999993898,"failureMessages":[],"meta":{}},{"ancestorTitles":["Task 15.1: Test Settings and Snapshot Flow","15.1.2: Test manual snapshot trigger and materialized key creation"],"fullName":"Task 15.1: Test Settings and Snapshot Flow 15.1.2: Test manual snapshot trigger and materialized key creation should create materialized keys after manual snapshot trigger","status":"passed","title":"should create materialized keys after manual snapshot trigger","duration":1501.634994,"failureMessages":[],"meta":{}},{"ancestorTitles":["Task 15.1: Test Settings and Snapshot Flow","15.1.2: Test manual snapshot trigger and materialized key creation"],"fullName":"Task 15.1: Test Settings and Snapshot Flow 15.1.2: Test manual snapshot trigger and materialized key creation should update last_materialized timestamp on each run","status":"passed","title":"should update last_materialized timestamp on each run","duration":3017.023609,"failureMessages":[],"meta":{}},{"ancestorTitles":["Task 15.1: Test Settings and Snapshot Flow","15.1.3: Test scheduled worker path and materialized key creation"],"fullName":"Task 15.1: Test Settings and Snapshot Flow 15.1.3: Test scheduled worker path and materialized key creation should create same materialized keys for scheduled worker path","status":"passed","title":"should create same materialized keys for scheduled worker path","duration":1498.315799,"failureMessages":[],"meta":{}},{"ancestorTitles":["Task 15.1: Test Settings and Snapshot Flow","15.1.3: Test scheduled worker path and materialized key creation"],"fullName":"Task 15.1: Test Settings and Snapshot Flow 15.1.3: Test scheduled worker path and materialized key creation should handle idempotent trend forecasting runs","status":"passed","title":"should handle idempotent trend forecasting runs","duration":3042.584651000001,"failureMessages":[],"meta":{}},{"ancestorTitles":["Task 15.2: Test API Response Validation","15.2.1: Test GET /api/trends payload shape and values"],"fullName":"Task 15.2: Test API Response Validation 15.2.1: Test GET /api/trends payload shape and values should return correct payload structure","status":"passed","title":"should return correct payload structure","duration":628.0180760000003,"failureMessages":[],"meta":{}},{"ancestorTitles":["Task 15.2: Test API Response Validation","15.2.1: Test GET /api/trends payload shape and values"],"fullName":"Task 15.2: Test API Response Validation 15.2.1: Test GET /api/trends payload shape and values should return correct subreddit value","status":"passed","title":"should return correct subreddit value","duration":620.1668499999996,"failureMessages":[],"meta":{}},{"ancestorTitles":["Task 15.2: Test API Response Validation","15.2.1: Test GET /api/trends payload shape and values"],"fullName":"Task 15.2: Test API Response Validation 15.2.1: Test GET /api/trends payload shape and values should return stale=false for recent data","status":"passed","title":"should return stale=false for recent data","duration":625.8984739999996,"failureMessages":[],"meta":{}},{"ancestorTitles":["Task 15.2: Test API Response Validation","15.2.2: Test growthForecast confidence bands and growthRate"],"fullName":"Task 15.2: Test API Response Validation 15.2.2: Test growthForecast confidence bands and growthRate should return growthForecast with trendline and forecast arrays","status":"passed","title":"should return growthForecast with trendline and forecast arrays","duration":623.9852719999999,"failureMessages":[],"meta":{}},{"ancestorTitles":["Task 15.2: Test API Response Validation","15.2.2: Test growthForecast confidence bands and growthRate"],"fullName":"Task 15.2: Test API Response Validation 15.2.2: Test growthForecast confidence bands and growthRate should return forecast points with confidence bands","status":"passed","title":"should return forecast points with confidence bands","duration":618.3046180000019,"failureMessages":[],"meta":{}},{"ancestorTitles":["Task 15.2: Test API Response Validation","15.2.2: Test growthForecast confidence bands and growthRate"],"fullName":"Task 15.2: Test API Response Validation 15.2.2: Test growthForecast confidence bands and growthRate should return growthRate as a number","status":"passed","title":"should return growthRate as a number","duration":630.5123480000002,"failureMessages":[],"meta":{}},{"ancestorTitles":["Task 15.2: Test API Response Validation","15.2.3: Test engagementAnomalies array structure"],"fullName":"Task 15.2: Test API Response Validation 15.2.3: Test engagementAnomalies array structure should return engagementAnomalies as an array","status":"passed","title":"should return engagementAnomalies as an array","duration":617.2234879999996,"failureMessages":[],"meta":{}},{"ancestorTitles":["Task 15.2: Test API Response Validation","15.2.3: Test engagementAnomalies array structure"],"fullName":"Task 15.2: Test API Response Validation 15.2.3: Test engagementAnomalies array structure should return anomaly objects with correct structure when present","status":"passed","title":"should return anomaly objects with correct structure when present","duration":617.382069000003,"failureMessages":[],"meta":{}},{"ancestorTitles":["Task 15.2: Test API Response Validation","15.2.4: Test contentMixRecap and postingPatternRecap strings"],"fullName":"Task 15.2: Test API Response Validation 15.2.4: Test contentMixRecap and postingPatternRecap strings should return contentMixRecap as a string","status":"passed","title":"should return contentMixRecap as a string","duration":624.0081320000027,"failureMessages":[],"meta":{}},{"ancestorTitles":["Task 15.2: Test API Response Validation","15.2.4: Test contentMixRecap and postingPatternRecap strings"],"fullName":"Task 15.2: Test API Response Validation 15.2.4: Test contentMixRecap and postingPatternRecap strings should return postingPatternRecap as a string","status":"passed","title":"should return postingPatternRecap as a string","duration":618.8915589999997,"failureMessages":[],"meta":{}},{"ancestorTitles":["Task 15.2: Test API Response Validation","15.2.4: Test contentMixRecap and postingPatternRecap strings"],"fullName":"Task 15.2: Test API Response Validation 15.2.4: Test contentMixRecap and postingPatternRecap strings should return meaningful recap strings when data is available","status":"passed","title":"should return meaningful recap strings when data is available","duration":615.9127110000009,"failureMessages":[],"meta":{}},{"ancestorTitles":["Task 15.2: Test API Response Validation","15.2.5: Test bestPostingTimesChange structure"],"fullName":"Task 15.2: Test API Response Validation 15.2.5: Test bestPostingTimesChange structure should return bestPostingTimesChange with correct structure","status":"passed","title":"should return bestPostingTimesChange with correct structure","duration":617.7186529999999,"failureMessages":[],"meta":{}},{"ancestorTitles":["Task 15.2: Test API Response Validation","15.2.5: Test bestPostingTimesChange structure"],"fullName":"Task 15.2: Test API Response Validation 15.2.5: Test bestPostingTimesChange structure should return changeSummary arrays","status":"passed","title":"should return changeSummary arrays","duration":618.2053390000001,"failureMessages":[],"meta":{}},{"ancestorTitles":["Task 15.2: Test API Response Validation","15.2.5: Test bestPostingTimesChange structure"],"fullName":"Task 15.2: Test API Response Validation 15.2.5: Test bestPostingTimesChange structure should return timeline as an array","status":"passed","title":"should return timeline as an array","duration":621.0713969999997,"failureMessages":[],"meta":{}}],"startTime":1776159282243,"endTime":1776159303482.0713,"status":"passed","message":"","name":"/Volumes/Expansion/dev/modscope/src/server/services/TrendingService.integration-api.test.ts"},{"assertionResults":[{"ancestorTitles":["TrendingService Integration Performance Tests","Full Pipeline Performance Tests"],"fullName":"TrendingService Integration Performance Tests Full Pipeline Performance Tests should complete full trend forecasting pipeline within 5 seconds","status":"passed","title":"should complete full trend forecasting pipeline within 5 seconds","duration":535.269983,"failureMessages":[],"meta":{}},{"ancestorTitles":["TrendingService Integration Performance Tests","Full Pipeline Performance Tests"],"fullName":"TrendingService Integration Performance Tests Full Pipeline Performance Tests should profile Redis operations during full trend forecasting","status":"passed","title":"should profile Redis operations during full trend forecasting","duration":509.06801699999994,"failureMessages":[],"meta":{}},{"ancestorTitles":["TrendingService Integration Performance Tests","Full Pipeline Performance Tests"],"fullName":"TrendingService Integration Performance Tests Full Pipeline Performance Tests should demonstrate batching efficiency in full pipeline","status":"passed","title":"should demonstrate batching efficiency in full pipeline","duration":516.143832,"failureMessages":[],"meta":{}},{"ancestorTitles":["TrendingService Integration Performance Tests","Full Pipeline Performance Tests"],"fullName":"TrendingService Integration Performance Tests Full Pipeline Performance Tests should measure memory efficiency during full trend forecasting","status":"passed","title":"should measure memory efficiency during full trend forecasting","duration":523.1558989999999,"failureMessages":[],"meta":{}},{"ancestorTitles":["TrendingService Integration Performance Tests","Full Pipeline Performance Tests"],"fullName":"TrendingService Integration Performance Tests Full Pipeline Performance Tests should verify data integrity after trend forecasting","status":"passed","title":"should verify data integrity after trend forecasting","duration":512.8112259999998,"failureMessages":[],"meta":{}},{"ancestorTitles":["TrendingService Integration Performance Tests","Stress Testing"],"fullName":"TrendingService Integration Performance Tests Stress Testing should handle maximum analysis pool size efficiently","status":"passed","title":"should handle maximum analysis pool size efficiently","duration":501.2935159999997,"failureMessages":[],"meta":{}},{"ancestorTitles":["TrendingService Integration Performance Tests","Stress Testing"],"fullName":"TrendingService Integration Performance Tests Stress Testing should maintain performance with maximum retention period","status":"passed","title":"should maintain performance with maximum retention period","duration":507.4677179999999,"failureMessages":[],"meta":{}}],"startTime":1776159303768,"endTime":1776159307374.4678,"status":"passed","message":"","name":"/Volumes/Expansion/dev/modscope/src/server/services/TrendingService.integration.test.ts"},{"assertionResults":[{"ancestorTitles":["TrendingService Rate Limiting and Timeout Tests","Task 17.2.1: Verify batched per-post TS ZSET reads in chunks of 50"],"fullName":"TrendingService Rate Limiting and Timeout Tests Task 17.2.1: Verify batched per-post TS ZSET reads in chunks of 50 should batch per-post TS ZSET reads in chunks of 50","status":"passed","title":"should batch per-post TS ZSET reads in chunks of 50","duration":5186.756309,"failureMessages":[],"meta":{}},{"ancestorTitles":["TrendingService Rate Limiting and Timeout Tests","Task 17.2.1: Verify batched per-post TS ZSET reads in chunks of 50"],"fullName":"TrendingService Rate Limiting and Timeout Tests Task 17.2.1: Verify batched per-post TS ZSET reads in chunks of 50 should respect batch size of 50 for per-post operations","status":"passed","title":"should respect batch size of 50 for per-post operations","duration":3899.6684569999998,"failureMessages":[],"meta":{}},{"ancestorTitles":["TrendingService Rate Limiting and Timeout Tests","Task 17.2.2: Verify elapsed-time guards prevent timeout overruns"],"fullName":"TrendingService Rate Limiting and Timeout Tests Task 17.2.2: Verify elapsed-time guards prevent timeout overruns should check for timeout conditions during processing","status":"passed","title":"should check for timeout conditions during processing","duration":5149.543992000001,"failureMessages":[],"meta":{}},{"ancestorTitles":["TrendingService Rate Limiting and Timeout Tests","Task 17.2.2: Verify elapsed-time guards prevent timeout overruns"],"fullName":"TrendingService Rate Limiting and Timeout Tests Task 17.2.2: Verify elapsed-time guards prevent timeout overruns should throw timeout error when approaching threshold","status":"passed","title":"should throw timeout error when approaching threshold","duration":125.71694599999864,"failureMessages":[],"meta":{}},{"ancestorTitles":["TrendingService Rate Limiting and Timeout Tests","Task 17.2.2: Verify elapsed-time guards prevent timeout overruns"],"fullName":"TrendingService Rate Limiting and Timeout Tests Task 17.2.2: Verify elapsed-time guards prevent timeout overruns should measure timeout threshold accuracy","status":"passed","title":"should measure timeout threshold accuracy","duration":10.942058000000543,"failureMessages":[],"meta":{}},{"ancestorTitles":["TrendingService Rate Limiting and Timeout Tests","Task 17.2.3: Load test with large retention windows (30+ days)"],"fullName":"TrendingService Rate Limiting and Timeout Tests Task 17.2.3: Load test with large retention windows (30+ days) should handle 30-day retention window efficiently","status":"passed","title":"should handle 30-day retention window efficiently","duration":5166.4565,"failureMessages":[],"meta":{}},{"ancestorTitles":["TrendingService Rate Limiting and Timeout Tests","Task 17.2.3: Load test with large retention windows (30+ days)"],"fullName":"TrendingService Rate Limiting and Timeout Tests Task 17.2.3: Load test with large retention windows (30+ days) should scale linearly with retention window size","status":"passed","title":"should scale linearly with retention window size","duration":13296.462709999996,"failureMessages":[],"meta":{}},{"ancestorTitles":["TrendingService Rate Limiting and Timeout Tests","Task 17.2.4: Verify continuation-safe checkpoints work correctly"],"fullName":"TrendingService Rate Limiting and Timeout Tests Task 17.2.4: Verify continuation-safe checkpoints work correctly should implement checkpoint mechanism for timeout recovery","status":"passed","title":"should implement checkpoint mechanism for timeout recovery","duration":467.2768739999956,"failureMessages":[],"meta":{}},{"ancestorTitles":["TrendingService Rate Limiting and Timeout Tests","Task 17.2.4: Verify continuation-safe checkpoints work correctly"],"fullName":"TrendingService Rate Limiting and Timeout Tests Task 17.2.4: Verify continuation-safe checkpoints work correctly should handle multiple checkpoint scenarios","status":"passed","title":"should handle multiple checkpoint scenarios","duration":108.1985699999932,"failureMessages":[],"meta":{}},{"ancestorTitles":["TrendingService Rate Limiting and Timeout Tests","Rate Limiting Integration Tests"],"fullName":"TrendingService Rate Limiting and Timeout Tests Rate Limiting Integration Tests should respect Redis operation rate limits","status":"passed","title":"should respect Redis operation rate limits","duration":15246.792459000004,"failureMessages":[],"meta":{}}],"startTime":1776159282238,"endTime":1776159330897.7925,"status":"passed","message":"","name":"/Volumes/Expansion/dev/modscope/src/server/services/TrendingService.ratelimit.test.ts"},{"assertionResults":[{"ancestorTitles":["TrendingService Retention and Cleanup Tests","15.3.1 Test purge removes trend artifacts for expired scans"],"fullName":"TrendingService Retention and Cleanup Tests 15.3.1 Test purge removes trend artifacts for expired scans should remove subscriber_growth entries when scan is deleted","status":"passed","title":"should remove subscriber_growth entries when scan is deleted","duration":4744.476269,"failureMessages":[],"meta":{}},{"ancestorTitles":["TrendingService Retention and Cleanup Tests","15.3.1 Test purge removes trend artifacts for expired scans"],"fullName":"TrendingService Retention and Cleanup Tests 15.3.1 Test purge removes trend artifacts for expired scans should remove engagement_avg entries when scan is deleted","status":"passed","title":"should remove engagement_avg entries when scan is deleted","duration":4719.176734,"failureMessages":[],"meta":{}},{"ancestorTitles":["TrendingService Retention and Cleanup Tests","15.3.1 Test purge removes trend artifacts for expired scans"],"fullName":"TrendingService Retention and Cleanup Tests 15.3.1 Test purge removes trend artifacts for expired scans should remove engagement_anomalies entries when scan is deleted","status":"passed","title":"should remove engagement_anomalies entries when scan is deleted","duration":4783.751407,"failureMessages":[],"meta":{}},{"ancestorTitles":["TrendingService Retention and Cleanup Tests","15.3.1 Test purge removes trend artifacts for expired scans"],"fullName":"TrendingService Retention and Cleanup Tests 15.3.1 Test purge removes trend artifacts for expired scans should remove flair_distribution hash when scan is deleted","status":"passed","title":"should remove flair_distribution hash when scan is deleted","duration":4737.038259000001,"failureMessages":[],"meta":{}},{"ancestorTitles":["TrendingService Retention and Cleanup Tests","15.3.1 Test purge removes trend artifacts for expired scans"],"fullName":"TrendingService Retention and Cleanup Tests 15.3.1 Test purge removes trend artifacts for expired scans should remove best_times hash when scan is deleted","status":"passed","title":"should remove best_times hash when scan is deleted","duration":4722.488879,"failureMessages":[],"meta":{}},{"ancestorTitles":["TrendingService Retention and Cleanup Tests","15.3.1 Test purge removes trend artifacts for expired scans"],"fullName":"TrendingService Retention and Cleanup Tests 15.3.1 Test purge removes trend artifacts for expired scans should remove all trend keys when all scans are deleted","status":"passed","title":"should remove all trend keys when all scans are deleted","duration":34665.513724000004,"failureMessages":[],"meta":{}},{"ancestorTitles":["TrendingService Retention and Cleanup Tests","15.3.2 Test purge recomputes recap strings from remaining data"],"fullName":"TrendingService Retention and Cleanup Tests 15.3.2 Test purge recomputes recap strings from remaining data should recompute content_mix_recap after scan deletion","status":"passed","title":"should recompute content_mix_recap after scan deletion","duration":4715.566485999996,"failureMessages":[],"meta":{}},{"ancestorTitles":["TrendingService Retention and Cleanup Tests","15.3.2 Test purge recomputes recap strings from remaining data"],"fullName":"TrendingService Retention and Cleanup Tests 15.3.2 Test purge recomputes recap strings from remaining data should recompute posting_pattern_recap after scan deletion","status":"passed","title":"should recompute posting_pattern_recap after scan deletion","duration":4706.485856999992,"failureMessages":[],"meta":{}},{"ancestorTitles":["TrendingService Retention and Cleanup Tests","15.3.3 Test idempotent rerun behavior for all key families"],"fullName":"TrendingService Retention and Cleanup Tests 15.3.3 Test idempotent rerun behavior for all key families should produce identical subscriber_growth on rerun","status":"passed","title":"should produce identical subscriber_growth on rerun","duration":4951.096562999999,"failureMessages":[],"meta":{}}],"startTime":1776159282234,"endTime":1776159354983.0967,"status":"passed","message":"","name":"/Volumes/Expansion/dev/modscope/src/server/services/TrendingService.retention.test.ts"},{"assertionResults":[{"ancestorTitles":["TrendingService Performance Tests","Task 17.1.1: Measure trend forecasting execution time with 50-post analysis pool"],"fullName":"TrendingService Performance Tests Task 17.1.1: Measure trend forecasting execution time with 50-post analysis pool should measure total execution time for trend forecasting","status":"passed","title":"should measure total execution time for trend forecasting","duration":178.43771500000003,"failureMessages":[],"meta":{}},{"ancestorTitles":["TrendingService Performance Tests","Task 17.1.1: Measure trend forecasting execution time with 50-post analysis pool"],"fullName":"TrendingService Performance Tests Task 17.1.1: Measure trend forecasting execution time with 50-post analysis pool should measure execution time for each major stage","status":"passed","title":"should measure execution time for each major stage","duration":159.785574,"failureMessages":[],"meta":{}},{"ancestorTitles":["TrendingService Performance Tests","Task 17.1.1: Measure trend forecasting execution time with 50-post analysis pool"],"fullName":"TrendingService Performance Tests Task 17.1.1: Measure trend forecasting execution time with 50-post analysis pool should measure performance with different analysis pool sizes","status":"passed","title":"should measure performance with different analysis pool sizes","duration":482.766973,"failureMessages":[],"meta":{}},{"ancestorTitles":["TrendingService Performance Tests","Task 17.1.2: Verify completion within 5-second target"],"fullName":"TrendingService Performance Tests Task 17.1.2: Verify completion within 5-second target should complete trend forecasting within 5 seconds for 50-post analysis pool","status":"passed","title":"should complete trend forecasting within 5 seconds for 50-post analysis pool","duration":161.86504800000012,"failureMessages":[],"meta":{}},{"ancestorTitles":["TrendingService Performance Tests","Task 17.1.2: Verify completion within 5-second target"],"fullName":"TrendingService Performance Tests Task 17.1.2: Verify completion within 5-second target should handle timeout scenarios gracefully","status":"passed","title":"should handle timeout scenarios gracefully","duration":159.29392800000005,"failureMessages":[],"meta":{}},{"ancestorTitles":["TrendingService Performance Tests","Task 17.1.2: Verify completion within 5-second target"],"fullName":"TrendingService Performance Tests Task 17.1.2: Verify completion within 5-second target should measure performance under stress conditions","status":"passed","title":"should measure performance under stress conditions","duration":166.74780899999996,"failureMessages":[],"meta":{}},{"ancestorTitles":["TrendingService Performance Tests","Task 17.1.3: Profile Redis operations and identify bottlenecks"],"fullName":"TrendingService Performance Tests Task 17.1.3: Profile Redis operations and identify bottlenecks should profile Redis operation performance","status":"passed","title":"should profile Redis operation performance","duration":158.93977399999994,"failureMessages":[],"meta":{}},{"ancestorTitles":["TrendingService Performance Tests","Task 17.1.3: Profile Redis operations and identify bottlenecks"],"fullName":"TrendingService Performance Tests Task 17.1.3: Profile Redis operations and identify bottlenecks should verify batched operations are used efficiently","status":"passed","title":"should verify batched operations are used efficiently","duration":159.41301399999998,"failureMessages":[],"meta":{}},{"ancestorTitles":["TrendingService Performance Tests","Task 17.1.3: Profile Redis operations and identify bottlenecks"],"fullName":"TrendingService Performance Tests Task 17.1.3: Profile Redis operations and identify bottlenecks should measure memory usage patterns","status":"passed","title":"should measure memory usage patterns","duration":159.53879599999982,"failureMessages":[],"meta":{}},{"ancestorTitles":["TrendingService Performance Tests","Task 17.1.3: Profile Redis operations and identify bottlenecks"],"fullName":"TrendingService Performance Tests Task 17.1.3: Profile Redis operations and identify bottlenecks should analyze operation concurrency and batching patterns","status":"passed","title":"should analyze operation concurrency and batching patterns","duration":161.2783340000001,"failureMessages":[],"meta":{}},{"ancestorTitles":["TrendingService Performance Tests","Performance Regression Tests"],"fullName":"TrendingService Performance Tests Performance Regression Tests should maintain consistent performance across multiple runs","status":"passed","title":"should maintain consistent performance across multiple runs","duration":802.9153530000003,"failureMessages":[],"meta":{}},{"ancestorTitles":["TrendingService Performance Tests","Task 14.2: Data Transformation Logic Tests","14.2.1 Flair tally normalization with zero-fill"],"fullName":"TrendingService Performance Tests Task 14.2: Data Transformation Logic Tests 14.2.1 Flair tally normalization with zero-fill should initialize all flair counts to 0 for continuity","status":"passed","title":"should initialize all flair counts to 0 for continuity","duration":6.227766999999858,"failureMessages":[],"meta":{}},{"ancestorTitles":["TrendingService Performance Tests","Task 14.2: Data Transformation Logic Tests","14.2.1 Flair tally normalization with zero-fill"],"fullName":"TrendingService Performance Tests Task 14.2: Data Transformation Logic Tests 14.2.1 Flair tally normalization with zero-fill should preserve zero-fill when some flairs are missing from scan data","status":"passed","title":"should preserve zero-fill when some flairs are missing from scan data","duration":9.249262000000272,"failureMessages":[],"meta":{}},{"ancestorTitles":["TrendingService Performance Tests","Task 14.2: Data Transformation Logic Tests","14.2.1 Flair tally normalization with zero-fill"],"fullName":"TrendingService Performance Tests Task 14.2: Data Transformation Logic Tests 14.2.1 Flair tally normalization with zero-fill should handle empty flair list","status":"passed","title":"should handle empty flair list","duration":4.618475999999646,"failureMessages":[],"meta":{}},{"ancestorTitles":["TrendingService Performance Tests","Task 14.2: Data Transformation Logic Tests","14.2.1 Flair tally normalization with zero-fill"],"fullName":"TrendingService Performance Tests Task 14.2: Data Transformation Logic Tests 14.2.1 Flair tally normalization with zero-fill should handle single flair","status":"passed","title":"should handle single flair","duration":5.031553000000258,"failureMessages":[],"meta":{}},{"ancestorTitles":["TrendingService Performance Tests","Task 14.2: Data Transformation Logic Tests","14.2.2 Content mix recap generation with significant delta detection"],"fullName":"TrendingService Performance Tests Task 14.2: Data Transformation Logic Tests 14.2.2 Content mix recap generation with significant delta detection should return not enough data message for less than 2 distributions","status":"passed","title":"should return not enough data message for less than 2 distributions","duration":4.971086000000014,"failureMessages":[],"meta":{}},{"ancestorTitles":["TrendingService Performance Tests","Task 14.2: Data Transformation Logic Tests","14.2.2 Content mix recap generation with significant delta detection"],"fullName":"TrendingService Performance Tests Task 14.2: Data Transformation Logic Tests 14.2.2 Content mix recap generation with significant delta detection should detect significant increase in a flair (5+ percentage points)","status":"passed","title":"should detect significant increase in a flair (5+ percentage points)","duration":5.637969000000339,"failureMessages":[],"meta":{}},{"ancestorTitles":["TrendingService Performance Tests","Task 14.2: Data Transformation Logic Tests","14.2.2 Content mix recap generation with significant delta detection"],"fullName":"TrendingService Performance Tests Task 14.2: Data Transformation Logic Tests 14.2.2 Content mix recap generation with significant delta detection should detect significant decrease in a flair (5+ percentage points)","status":"passed","title":"should detect significant decrease in a flair (5+ percentage points)","duration":5.35529600000018,"failureMessages":[],"meta":{}},{"ancestorTitles":["TrendingService Performance Tests","Task 14.2: Data Transformation Logic Tests","14.2.2 Content mix recap generation with significant delta detection"],"fullName":"TrendingService Performance Tests Task 14.2: Data Transformation Logic Tests 14.2.2 Content mix recap generation with significant delta detection should return consistent message when changes are below 5 percentage points","status":"passed","title":"should return consistent message when changes are below 5 percentage points","duration":6.675395000000208,"failureMessages":[],"meta":{}},{"ancestorTitles":["TrendingService Performance Tests","Task 14.2: Data Transformation Logic Tests","14.2.2 Content mix recap generation with significant delta detection"],"fullName":"TrendingService Performance Tests Task 14.2: Data Transformation Logic Tests 14.2.2 Content mix recap generation with significant delta detection should handle edge case with zero posts in historical window","status":"passed","title":"should handle edge case with zero posts in historical window","duration":9.073757000000114,"failureMessages":[],"meta":{}},{"ancestorTitles":["TrendingService Performance Tests","Task 14.2: Data Transformation Logic Tests","14.2.2 Content mix recap generation with significant delta detection"],"fullName":"TrendingService Performance Tests Task 14.2: Data Transformation Logic Tests 14.2.2 Content mix recap generation with significant delta detection should prioritize the most significant change when multiple flairs change","status":"passed","title":"should prioritize the most significant change when multiple flairs change","duration":4.753514999999879,"failureMessages":[],"meta":{}},{"ancestorTitles":["TrendingService Performance Tests","Task 14.2: Data Transformation Logic Tests","14.2.3 Heatmap bucketing and delta computation"],"fullName":"TrendingService Performance Tests Task 14.2: Data Transformation Logic Tests 14.2.3 Heatmap bucketing and delta computation should initialize all 168 buckets (7 days × 24 hours)","status":"passed","title":"should initialize all 168 buckets (7 days × 24 hours)","duration":5.05504800000017,"failureMessages":[],"meta":{}},{"ancestorTitles":["TrendingService Performance Tests","Task 14.2: Data Transformation Logic Tests","14.2.3 Heatmap bucketing and delta computation"],"fullName":"TrendingService Performance Tests Task 14.2: Data Transformation Logic Tests 14.2.3 Heatmap bucketing and delta computation should correctly bucket posts by day-of-week and hour in UTC","status":"passed","title":"should correctly bucket posts by day-of-week and hour in UTC","duration":4.487540000000081,"failureMessages":[],"meta":{}},{"ancestorTitles":["TrendingService Performance Tests","Task 14.2: Data Transformation Logic Tests","14.2.3 Heatmap bucketing and delta computation"],"fullName":"TrendingService Performance Tests Task 14.2: Data Transformation Logic Tests 14.2.3 Heatmap bucketing and delta computation should calculate delta as recent - historical","status":"passed","title":"should calculate delta as recent - historical","duration":4.791447999999946,"failureMessages":[],"meta":{}},{"ancestorTitles":["TrendingService Performance Tests","Task 14.2: Data Transformation Logic Tests","14.2.3 Heatmap bucketing and delta computation"],"fullName":"TrendingService Performance Tests Task 14.2: Data Transformation Logic Tests 14.2.3 Heatmap bucketing and delta computation should handle missing buckets in delta calculation","status":"passed","title":"should handle missing buckets in delta calculation","duration":4.288635999999769,"failureMessages":[],"meta":{}},{"ancestorTitles":["TrendingService Performance Tests","Task 14.2: Data Transformation Logic Tests","14.2.3 Heatmap bucketing and delta computation"],"fullName":"TrendingService Performance Tests Task 14.2: Data Transformation Logic Tests 14.2.3 Heatmap bucketing and delta computation should correctly identify weekday vs weekend buckets","status":"passed","title":"should correctly identify weekday vs weekend buckets","duration":4.544941000000108,"failureMessages":[],"meta":{}},{"ancestorTitles":["TrendingService Performance Tests","Task 14.2: Data Transformation Logic Tests","14.2.4 Posting pattern recap generation with weekday/weekend grouping"],"fullName":"TrendingService Performance Tests Task 14.2: Data Transformation Logic Tests 14.2.4 Posting pattern recap generation with weekday/weekend grouping should return consistent message when no significant shifts","status":"passed","title":"should return consistent message when no significant shifts","duration":8.664327999999841,"failureMessages":[],"meta":{}},{"ancestorTitles":["TrendingService Performance Tests","Task 14.2: Data Transformation Logic Tests","14.2.4 Posting pattern recap generation with weekday/weekend grouping"],"fullName":"TrendingService Performance Tests Task 14.2: Data Transformation Logic Tests 14.2.4 Posting pattern recap generation with weekday/weekend grouping should detect shift toward weekends","status":"passed","title":"should detect shift toward weekends","duration":5.6051870000001145,"failureMessages":[],"meta":{}},{"ancestorTitles":["TrendingService Performance Tests","Task 14.2: Data Transformation Logic Tests","14.2.4 Posting pattern recap generation with weekday/weekend grouping"],"fullName":"TrendingService Performance Tests Task 14.2: Data Transformation Logic Tests 14.2.4 Posting pattern recap generation with weekday/weekend grouping should detect shift toward weekdays","status":"passed","title":"should detect shift toward weekdays","duration":4.788269000000128,"failureMessages":[],"meta":{}},{"ancestorTitles":["TrendingService Performance Tests","Task 14.2: Data Transformation Logic Tests","14.2.4 Posting pattern recap generation with weekday/weekend grouping"],"fullName":"TrendingService Performance Tests Task 14.2: Data Transformation Logic Tests 14.2.4 Posting pattern recap generation with weekday/weekend grouping should detect time of day shift (evening hours)","status":"passed","title":"should detect time of day shift (evening hours)","duration":5.080069999999978,"failureMessages":[],"meta":{}},{"ancestorTitles":["TrendingService Performance Tests","Task 14.2: Data Transformation Logic Tests","14.2.4 Posting pattern recap generation with weekday/weekend grouping"],"fullName":"TrendingService Performance Tests Task 14.2: Data Transformation Logic Tests 14.2.4 Posting pattern recap generation with weekday/weekend grouping should use 5 post threshold for significant shift detection","status":"passed","title":"should use 5 post threshold for significant shift detection","duration":4.790434000000005,"failureMessages":[],"meta":{}},{"ancestorTitles":["TrendingService Performance Tests","Task 14.2: Data Transformation Logic Tests","14.2.4 Posting pattern recap generation with weekday/weekend grouping"],"fullName":"TrendingService Performance Tests Task 14.2: Data Transformation Logic Tests 14.2.4 Posting pattern recap generation with weekday/weekend grouping should handle empty buckets","status":"passed","title":"should handle empty buckets","duration":4.228043999999954,"failureMessages":[],"meta":{}},{"ancestorTitles":["TrendingService Performance Tests","Task 14.2: Data Transformation Logic Tests","14.2.5 Best posting times slot scoring"],"fullName":"TrendingService Performance Tests Task 14.2: Data Transformation Logic Tests 14.2.5 Best posting times slot scoring should initialize all 168 slots (7 days × 24 hours)","status":"passed","title":"should initialize all 168 slots (7 days × 24 hours)","duration":5.686854000000039,"failureMessages":[],"meta":{}},{"ancestorTitles":["TrendingService Performance Tests","Task 14.2: Data Transformation Logic Tests","14.2.5 Best posting times slot scoring"],"fullName":"TrendingService Performance Tests Task 14.2: Data Transformation Logic Tests 14.2.5 Best posting times slot scoring should calculate weighted scores: avgEngagement × log(postCount + 1)","status":"passed","title":"should calculate weighted scores: avgEngagement × log(postCount + 1)","duration":14.02564799999982,"failureMessages":[],"meta":{}},{"ancestorTitles":["TrendingService Performance Tests","Task 14.2: Data Transformation Logic Tests","14.2.5 Best posting times slot scoring"],"fullName":"TrendingService Performance Tests Task 14.2: Data Transformation Logic Tests 14.2.5 Best posting times slot scoring should return 0 for slots with no posts","status":"passed","title":"should return 0 for slots with no posts","duration":4.599397999999837,"failureMessages":[],"meta":{}},{"ancestorTitles":["TrendingService Performance Tests","Task 14.2: Data Transformation Logic Tests","14.2.5 Best posting times slot scoring"],"fullName":"TrendingService Performance Tests Task 14.2: Data Transformation Logic Tests 14.2.5 Best posting times slot scoring should round scores to 2 decimal places","status":"passed","title":"should round scores to 2 decimal places","duration":4.999207000000297,"failureMessages":[],"meta":{}},{"ancestorTitles":["TrendingService Performance Tests","Task 14.2: Data Transformation Logic Tests","14.2.5 Best posting times slot scoring"],"fullName":"TrendingService Performance Tests Task 14.2: Data Transformation Logic Tests 14.2.5 Best posting times slot scoring should handle empty posts array","status":"passed","title":"should handle empty posts array","duration":8.436494000000039,"failureMessages":[],"meta":{}},{"ancestorTitles":["TrendingService Performance Tests","Task 14.2: Data Transformation Logic Tests","14.2.5 Best posting times slot scoring"],"fullName":"TrendingService Performance Tests Task 14.2: Data Transformation Logic Tests 14.2.5 Best posting times slot scoring should handle single post","status":"passed","title":"should handle single post","duration":4.878665000000183,"failureMessages":[],"meta":{}},{"ancestorTitles":["TrendingService Performance Tests","Task 14.2: Data Transformation Logic Tests","14.2.5 Best posting times slot scoring"],"fullName":"TrendingService Performance Tests Task 14.2: Data Transformation Logic Tests 14.2.5 Best posting times slot scoring should correctly bucket posts by UTC time","status":"passed","title":"should correctly bucket posts by UTC time","duration":4.786056999999801,"failureMessages":[],"meta":{}},{"ancestorTitles":["TrendingService Performance Tests","Task 14.2: Data Transformation Logic Tests","14.2.5 Best posting times slot scoring"],"fullName":"TrendingService Performance Tests Task 14.2: Data Transformation Logic Tests 14.2.5 Best posting times slot scoring should aggregate multiple posts in same slot","status":"passed","title":"should aggregate multiple posts in same slot","duration":8.856491000000005,"failureMessages":[],"meta":{}},{"ancestorTitles":["TrendingService Performance Tests","Global Aggregates Trend forecasting Logic"],"fullName":"TrendingService Performance Tests Global Aggregates Trend forecasting Logic should compute valid global aggregates across retained scans","status":"passed","title":"should compute valid global aggregates across retained scans","duration":28.475061000000096,"failureMessages":[],"meta":{}},{"ancestorTitles":["TrendingService Performance Tests","Global Aggregates Trend forecasting Logic"],"fullName":"TrendingService Performance Tests Global Aggregates Trend forecasting Logic should handle zero scans safely","status":"passed","title":"should handle zero scans safely","duration":4.809100000000399,"failureMessages":[],"meta":{}},{"ancestorTitles":["Task 14.3: Serialization Logic Tests","14.3.1 Serializer-parser round-trip"],"fullName":"Task 14.3: Serialization Logic Tests 14.3.1 Serializer-parser round-trip should preserve data through serialize → Redis → parse round-trip for ZSET","status":"passed","title":"should preserve data through serialize → Redis → parse round-trip for ZSET","duration":0.8083859999997003,"failureMessages":[],"meta":{}},{"ancestorTitles":["Task 14.3: Serialization Logic Tests","14.3.1 Serializer-parser round-trip"],"fullName":"Task 14.3: Serialization Logic Tests 14.3.1 Serializer-parser round-trip should preserve data through serialize → Redis → parse round-trip for HASH","status":"passed","title":"should preserve data through serialize → Redis → parse round-trip for HASH","duration":0.4335110000001805,"failureMessages":[],"meta":{}},{"ancestorTitles":["Task 14.3: Serialization Logic Tests","14.3.1 Serializer-parser round-trip"],"fullName":"Task 14.3: Serialization Logic Tests 14.3.1 Serializer-parser round-trip should handle empty data round-trip","status":"passed","title":"should handle empty data round-trip","duration":0.29975599999988845,"failureMessages":[],"meta":{}},{"ancestorTitles":["Task 14.3: Serialization Logic Tests","14.3.1 Serializer-parser round-trip"],"fullName":"Task 14.3: Serialization Logic Tests 14.3.1 Serializer-parser round-trip should preserve floating point values through round-trip","status":"passed","title":"should preserve floating point values through round-trip","duration":0.38540100000000166,"failureMessages":[],"meta":{}},{"ancestorTitles":["Task 14.3: Serialization Logic Tests","14.3.1 Serializer-parser round-trip"],"fullName":"Task 14.3: Serialization Logic Tests 14.3.1 Serializer-parser round-trip should sort parsed ZSET data by timestamp","status":"passed","title":"should sort parsed ZSET data by timestamp","duration":0.28575599999976475,"failureMessages":[],"meta":{}},{"ancestorTitles":["Task 14.3: Serialization Logic Tests","14.3.2 Malformed entry skip behavior with logging"],"fullName":"Task 14.3: Serialization Logic Tests 14.3.2 Malformed entry skip behavior with logging should skip malformed ZSET members with missing colon","status":"passed","title":"should skip malformed ZSET members with missing colon","duration":3.1529300000001967,"failureMessages":[],"meta":{}},{"ancestorTitles":["Task 14.3: Serialization Logic Tests","14.3.2 Malformed entry skip behavior with logging"],"fullName":"Task 14.3: Serialization Logic Tests 14.3.2 Malformed entry skip behavior with logging should skip ZSET members with empty parts","status":"passed","title":"should skip ZSET members with empty parts","duration":0.33523299999978917,"failureMessages":[],"meta":{}},{"ancestorTitles":["Task 14.3: Serialization Logic Tests","14.3.2 Malformed entry skip behavior with logging"],"fullName":"Task 14.3: Serialization Logic Tests 14.3.2 Malformed entry skip behavior with logging should skip ZSET members with invalid timestamp","status":"passed","title":"should skip ZSET members with invalid timestamp","duration":0.33812600000010207,"failureMessages":[],"meta":{}},{"ancestorTitles":["Task 14.3: Serialization Logic Tests","14.3.2 Malformed entry skip behavior with logging"],"fullName":"Task 14.3: Serialization Logic Tests 14.3.2 Malformed entry skip behavior with logging should skip ZSET members with invalid value","status":"passed","title":"should skip ZSET members with invalid value","duration":0.4131520000000819,"failureMessages":[],"meta":{}},{"ancestorTitles":["Task 14.3: Serialization Logic Tests","14.3.2 Malformed entry skip behavior with logging"],"fullName":"Task 14.3: Serialization Logic Tests 14.3.2 Malformed entry skip behavior with logging should skip ZSET members with unreasonable timestamp","status":"passed","title":"should skip ZSET members with unreasonable timestamp","duration":0.4353110000001834,"failureMessages":[],"meta":{}},{"ancestorTitles":["Task 14.3: Serialization Logic Tests","14.3.2 Malformed entry skip behavior with logging"],"fullName":"Task 14.3: Serialization Logic Tests 14.3.2 Malformed entry skip behavior with logging should skip non-string ZSET members","status":"passed","title":"should skip non-string ZSET members","duration":0.23944200000005367,"failureMessages":[],"meta":{}},{"ancestorTitles":["Task 14.3: Serialization Logic Tests","14.3.2 Malformed entry skip behavior with logging"],"fullName":"Task 14.3: Serialization Logic Tests 14.3.2 Malformed entry skip behavior with logging should skip malformed hash entries with empty field","status":"passed","title":"should skip malformed hash entries with empty field","duration":0.6514830000000984,"failureMessages":[],"meta":{}},{"ancestorTitles":["Task 14.3: Serialization Logic Tests","14.3.2 Malformed entry skip behavior with logging"],"fullName":"Task 14.3: Serialization Logic Tests 14.3.2 Malformed entry skip behavior with logging should skip malformed hash entries with empty value","status":"passed","title":"should skip malformed hash entries with empty value","duration":0.41032499999982974,"failureMessages":[],"meta":{}},{"ancestorTitles":["Task 14.3: Serialization Logic Tests","14.3.2 Malformed entry skip behavior with logging"],"fullName":"Task 14.3: Serialization Logic Tests 14.3.2 Malformed entry skip behavior with logging should skip hash entries with invalid value","status":"passed","title":"should skip hash entries with invalid value","duration":0.49497199999996155,"failureMessages":[],"meta":{}},{"ancestorTitles":["Task 14.3: Serialization Logic Tests","14.3.2 Malformed entry skip behavior with logging"],"fullName":"Task 14.3: Serialization Logic Tests 14.3.2 Malformed entry skip behavior with logging should skip negative values in flair_distribution","status":"passed","title":"should skip negative values in flair_distribution","duration":0.4331130000000485,"failureMessages":[],"meta":{}},{"ancestorTitles":["Task 14.3: Serialization Logic Tests","14.3.2 Malformed entry skip behavior with logging"],"fullName":"Task 14.3: Serialization Logic Tests 14.3.2 Malformed entry skip behavior with logging should allow negative values in posting_heatmap","status":"passed","title":"should allow negative values in posting_heatmap","duration":0.23645099999976082,"failureMessages":[],"meta":{}},{"ancestorTitles":["Task 14.3: Serialization Logic Tests","14.3.2 Malformed entry skip behavior with logging"],"fullName":"Task 14.3: Serialization Logic Tests 14.3.2 Malformed entry skip behavior with logging should use keyValidator when provided","status":"passed","title":"should use keyValidator when provided","duration":0.5147260000003371,"failureMessages":[],"meta":{}},{"ancestorTitles":["Task 14.3: Serialization Logic Tests","14.3.2 Malformed entry skip behavior with logging"],"fullName":"Task 14.3: Serialization Logic Tests 14.3.2 Malformed entry skip behavior with logging should handle completely malformed input gracefully","status":"passed","title":"should handle completely malformed input gracefully","duration":0.18023500000026615,"failureMessages":[],"meta":{}},{"ancestorTitles":["Task 14.3: Serialization Logic Tests","14.3.2 Malformed entry skip behavior with logging"],"fullName":"Task 14.3: Serialization Logic Tests 14.3.2 Malformed entry skip behavior with logging should log errors during parsing with try-catch","status":"passed","title":"should log errors during parsing with try-catch","duration":0.6082059999998819,"failureMessages":[],"meta":{}}],"startTime":1776159307861,"endTime":1776159310832.6082,"status":"passed","message":"","name":"/Volumes/Expansion/dev/modscope/src/server/services/TrendingService.test.ts"}]}